This file contains any messages produced by compilers while
running configure, to aid debugging if configure makes a mistake.

It was created by mesos configure 0.26.0, which was
generated by GNU Autoconf 2.69.  Invocation command line was

  $ ../configure --no-create --no-recursion

## --------- ##
## Platform. ##
## --------- ##

hostname = vagrant-ubuntu-trusty-64
uname -m = x86_64
uname -r = 3.13.11-ckt22
uname -s = Linux
uname -v = #1 SMP Sat Jul 25 16:04:44 UTC 2015

/usr/bin/uname -p = unknown
/bin/uname -X     = unknown

/bin/arch              = unknown
/usr/bin/arch -k       = unknown
/usr/convex/getsysinfo = unknown
/usr/bin/hostinfo      = unknown
/bin/machine           = unknown
/usr/bin/oslevel       = unknown
/bin/universe          = unknown

PATH: /usr/local/sbin
PATH: /usr/local/bin
PATH: /usr/sbin
PATH: /usr/bin
PATH: /sbin
PATH: /bin
PATH: /usr/games
PATH: /usr/local/games


## ----------- ##
## Core tests. ##
## ----------- ##

configure:2776: checking build system type
configure:2790: result: x86_64-unknown-linux-gnu
configure:2810: checking host system type
configure:2823: result: x86_64-unknown-linux-gnu
configure:2844: checking target system type
configure:2857: result: x86_64-unknown-linux-gnu
configure:2943: checking for a BSD-compatible install
configure:3011: result: /usr/bin/install -c
configure:3022: checking whether build environment is sane
configure:3077: result: yes
configure:3228: checking for a thread-safe mkdir -p
configure:3267: result: /bin/mkdir -p
configure:3274: checking for gawk
configure:3290: found /usr/bin/gawk
configure:3301: result: gawk
configure:3312: checking whether make sets $(MAKE)
configure:3334: result: yes
configure:3363: checking whether make supports nested variables
configure:3380: result: yes
configure:3506: checking whether to enable maintainer-specific portions of Makefiles
configure:3515: result: yes
configure:3542: checking for style of include used by make
configure:3570: result: GNU
configure:3641: checking for gcc
configure:3657: found /usr/bin/gcc
configure:3668: result: gcc
configure:3897: checking for C compiler version
configure:3906: gcc --version >&5
gcc (Ubuntu 4.8.4-2ubuntu1~14.04) 4.8.4
Copyright (C) 2013 Free Software Foundation, Inc.
This is free software; see the source for copying conditions.  There is NO
warranty; not even for MERCHANTABILITY or FITNESS FOR A PARTICULAR PURPOSE.

configure:3917: $? = 0
configure:3906: gcc -v >&5
Using built-in specs.
COLLECT_GCC=gcc
COLLECT_LTO_WRAPPER=/usr/lib/gcc/x86_64-linux-gnu/4.8/lto-wrapper
Target: x86_64-linux-gnu
Configured with: ../src/configure -v --with-pkgversion='Ubuntu 4.8.4-2ubuntu1~14.04' --with-bugurl=file:///usr/share/doc/gcc-4.8/README.Bugs --enable-languages=c,c++,java,go,d,fortran,objc,obj-c++ --prefix=/usr --program-suffix=-4.8 --enable-shared --enable-linker-build-id --libexecdir=/usr/lib --without-included-gettext --enable-threads=posix --with-gxx-include-dir=/usr/include/c++/4.8 --libdir=/usr/lib --enable-nls --with-sysroot=/ --enable-clocale=gnu --enable-libstdcxx-debug --enable-libstdcxx-time=yes --enable-gnu-unique-object --disable-libmudflap --enable-plugin --with-system-zlib --disable-browser-plugin --enable-java-awt=gtk --enable-gtk-cairo --with-java-home=/usr/lib/jvm/java-1.5.0-gcj-4.8-amd64/jre --enable-java-home --with-jvm-root-dir=/usr/lib/jvm/java-1.5.0-gcj-4.8-amd64 --with-jvm-jar-dir=/usr/lib/jvm-exports/java-1.5.0-gcj-4.8-amd64 --with-arch-directory=amd64 --with-ecj-jar=/usr/share/java/eclipse-ecj.jar --enable-objc-gc --enable-multiarch --disable-werror --with-arch-32=i686 --with-abi=m64 --with-multilib-list=m32,m64,mx32 --with-tune=generic --enable-checking=release --build=x86_64-linux-gnu --host=x86_64-linux-gnu --target=x86_64-linux-gnu
Thread model: posix
gcc version 4.8.4 (Ubuntu 4.8.4-2ubuntu1~14.04) 
configure:3917: $? = 0
configure:3906: gcc -V >&5
gcc: error: unrecognized command line option '-V'
gcc: fatal error: no input files
compilation terminated.
configure:3917: $? = 4
configure:3906: gcc -qversion >&5
gcc: error: unrecognized command line option '-qversion'
gcc: fatal error: no input files
compilation terminated.
configure:3917: $? = 4
configure:3937: checking whether the C compiler works
configure:3959: gcc    conftest.c  >&5
configure:3963: $? = 0
configure:4011: result: yes
configure:4014: checking for C compiler default output file name
configure:4016: result: a.out
configure:4022: checking for suffix of executables
configure:4029: gcc -o conftest    conftest.c  >&5
configure:4033: $? = 0
configure:4055: result: 
configure:4077: checking whether we are cross compiling
configure:4085: gcc -o conftest    conftest.c  >&5
configure:4089: $? = 0
configure:4096: ./conftest
configure:4100: $? = 0
configure:4115: result: no
configure:4120: checking for suffix of object files
configure:4142: gcc -c   conftest.c >&5
configure:4146: $? = 0
configure:4167: result: o
configure:4171: checking whether we are using the GNU C compiler
configure:4190: gcc -c   conftest.c >&5
configure:4190: $? = 0
configure:4199: result: yes
configure:4208: checking whether gcc accepts -g
configure:4228: gcc -c -g  conftest.c >&5
configure:4228: $? = 0
configure:4269: result: yes
configure:4286: checking for gcc option to accept ISO C89
configure:4349: gcc  -c -g -O2  conftest.c >&5
configure:4349: $? = 0
configure:4362: result: none needed
configure:4387: checking whether gcc understands -c and -o together
configure:4409: gcc -c conftest.c -o conftest2.o
configure:4412: $? = 0
configure:4409: gcc -c conftest.c -o conftest2.o
configure:4412: $? = 0
configure:4424: result: yes
configure:4443: checking dependency style of gcc
configure:4554: result: gcc3
configure:4619: checking for ar
configure:4635: found /usr/bin/ar
configure:4646: result: ar
configure:4672: checking the archiver (ar) interface
configure:4688: gcc -c -g -O2  conftest.c >&5
configure:4688: $? = 0
configure:4690: ar cru libconftest.a conftest.o >&5
configure:4693: $? = 0
configure:4721: result: ar
configure:4791: checking how to print strings
configure:4818: result: printf
configure:4839: checking for a sed that does not truncate output
configure:4903: result: /bin/sed
configure:4921: checking for grep that handles long lines and -e
configure:4979: result: /bin/grep
configure:4984: checking for egrep
configure:5046: result: /bin/grep -E
configure:5051: checking for fgrep
configure:5113: result: /bin/grep -F
configure:5148: checking for ld used by gcc
configure:5215: result: /usr/bin/ld
configure:5222: checking if the linker (/usr/bin/ld) is GNU ld
configure:5237: result: yes
configure:5249: checking for BSD- or MS-compatible name lister (nm)
configure:5298: result: /usr/bin/nm -B
configure:5428: checking the name lister (/usr/bin/nm -B) interface
configure:5435:  -c   conftest.cpp >&5
../configure: line 5436: -c: command not found
configure:5438: /usr/bin/nm -B "conftest.o"
/usr/bin/nm: 'conftest.o': No such file
configure:5441: output
configure:5448: result: BSD nm
configure:5451: checking whether ln -s works
configure:5455: result: yes
configure:5463: checking the maximum length of command line arguments
configure:5594: result: 3458764513820540925
configure:5611: checking whether the shell understands some XSI constructs
configure:5621: result: yes
configure:5625: checking whether the shell understands "+="
configure:5631: result: yes
configure:5666: checking how to convert x86_64-unknown-linux-gnu file names to x86_64-unknown-linux-gnu format
configure:5706: result: func_convert_file_noop
configure:5713: checking how to convert x86_64-unknown-linux-gnu file names to toolchain format
configure:5733: result: func_convert_file_noop
configure:5740: checking for /usr/bin/ld option to reload object files
configure:5747: result: -r
configure:5821: checking for objdump
configure:5837: found /usr/bin/objdump
configure:5848: result: objdump
configure:5880: checking how to recognize dependent libraries
configure:6078: result: pass_all
configure:6163: checking for dlltool
configure:6193: result: no
configure:6223: checking how to associate runtime and link libraries
configure:6250: result: printf %s\n
configure:6319: checking for g++
configure:6335: found /usr/bin/g++
configure:6346: result: g++
configure:6373: checking for C++ compiler version
configure:6382: g++ --version >&5
g++ (Ubuntu 4.8.4-2ubuntu1~14.04) 4.8.4
Copyright (C) 2013 Free Software Foundation, Inc.
This is free software; see the source for copying conditions.  There is NO
warranty; not even for MERCHANTABILITY or FITNESS FOR A PARTICULAR PURPOSE.

configure:6393: $? = 0
configure:6382: g++ -v >&5
Using built-in specs.
COLLECT_GCC=g++
COLLECT_LTO_WRAPPER=/usr/lib/gcc/x86_64-linux-gnu/4.8/lto-wrapper
Target: x86_64-linux-gnu
Configured with: ../src/configure -v --with-pkgversion='Ubuntu 4.8.4-2ubuntu1~14.04' --with-bugurl=file:///usr/share/doc/gcc-4.8/README.Bugs --enable-languages=c,c++,java,go,d,fortran,objc,obj-c++ --prefix=/usr --program-suffix=-4.8 --enable-shared --enable-linker-build-id --libexecdir=/usr/lib --without-included-gettext --enable-threads=posix --with-gxx-include-dir=/usr/include/c++/4.8 --libdir=/usr/lib --enable-nls --with-sysroot=/ --enable-clocale=gnu --enable-libstdcxx-debug --enable-libstdcxx-time=yes --enable-gnu-unique-object --disable-libmudflap --enable-plugin --with-system-zlib --disable-browser-plugin --enable-java-awt=gtk --enable-gtk-cairo --with-java-home=/usr/lib/jvm/java-1.5.0-gcj-4.8-amd64/jre --enable-java-home --with-jvm-root-dir=/usr/lib/jvm/java-1.5.0-gcj-4.8-amd64 --with-jvm-jar-dir=/usr/lib/jvm-exports/java-1.5.0-gcj-4.8-amd64 --with-arch-directory=amd64 --with-ecj-jar=/usr/share/java/eclipse-ecj.jar --enable-objc-gc --enable-multiarch --disable-werror --with-arch-32=i686 --with-abi=m64 --with-multilib-list=m32,m64,mx32 --with-tune=generic --enable-checking=release --build=x86_64-linux-gnu --host=x86_64-linux-gnu --target=x86_64-linux-gnu
Thread model: posix
gcc version 4.8.4 (Ubuntu 4.8.4-2ubuntu1~14.04) 
configure:6393: $? = 0
configure:6382: g++ -V >&5
g++: error: unrecognized command line option '-V'
g++: fatal error: no input files
compilation terminated.
configure:6393: $? = 4
configure:6382: g++ -qversion >&5
g++: error: unrecognized command line option '-qversion'
g++: fatal error: no input files
compilation terminated.
configure:6393: $? = 4
configure:6397: checking whether we are using the GNU C++ compiler
configure:6416: g++ -c   conftest.cpp >&5
configure:6416: $? = 0
configure:6425: result: yes
configure:6434: checking whether g++ accepts -g
configure:6454: g++ -c -g  conftest.cpp >&5
configure:6454: $? = 0
configure:6495: result: yes
configure:6520: checking dependency style of g++
configure:6631: result: gcc3
configure:6760: checking for archiver @FILE support
configure:6777: g++ -c -g -O2  conftest.cpp >&5
configure:6777: $? = 0
configure:6780: ar cru libconftest.a @conftest.lst >&5
configure:6783: $? = 0
configure:6788: ar cru libconftest.a @conftest.lst >&5
ar: conftest.o: No such file or directory
configure:6791: $? = 1
configure:6803: result: @
configure:6861: checking for strip
configure:6877: found /usr/bin/strip
configure:6888: result: strip
configure:6960: checking for ranlib
configure:6976: found /usr/bin/ranlib
configure:6987: result: ranlib
configure:7089: checking command to parse /usr/bin/nm -B output from gcc object
configure:7209: g++ -c -g -O2  conftest.cpp >&5
configure:7212: $? = 0
configure:7216: /usr/bin/nm -B conftest.o \| sed -n -e 's/^.*[ ]\([ABCDGIRSTW][ABCDGIRSTW]*\)[ ][ ]*\([_A-Za-z][_A-Za-z0-9]*\)$/\1 \2 \2/p' | sed '/ __gnu_lto/d' \> conftest.nm
configure:7219: $? = 0
configure:7285: g++ -o conftest -g -O2   conftest.cpp conftstm.o >&5
configure:7288: $? = 0
configure:7326: result: ok
configure:7363: checking for sysroot
configure:7393: result: no
configure:7470: g++ -c -g -O2  conftest.cpp >&5
configure:7473: $? = 0
configure:7662: checking for mt
configure:7678: found /bin/mt
configure:7689: result: mt
configure:7712: checking if mt is a manifest tool
configure:7718: mt '-?'
configure:7726: result: no
configure:8368: checking how to run the C preprocessor
configure:8399: gcc -E  conftest.c
configure:8399: $? = 0
configure:8413: gcc -E  conftest.c
conftest.c:11:28: fatal error: ac_nonexistent.h: No such file or directory
 #include <ac_nonexistent.h>
                            ^
compilation terminated.
configure:8413: $? = 1
configure: failed program was:
| /* confdefs.h */
| #define PACKAGE_NAME "mesos"
| #define PACKAGE_TARNAME "mesos"
| #define PACKAGE_VERSION "0.26.0"
| #define PACKAGE_STRING "mesos 0.26.0"
| #define PACKAGE_BUGREPORT ""
| #define PACKAGE_URL ""
| #define PACKAGE "mesos"
| #define VERSION "0.26.0"
| /* end confdefs.h.  */
| #include <ac_nonexistent.h>
configure:8438: result: gcc -E
configure:8458: gcc -E  conftest.c
configure:8458: $? = 0
configure:8472: gcc -E  conftest.c
conftest.c:11:28: fatal error: ac_nonexistent.h: No such file or directory
 #include <ac_nonexistent.h>
                            ^
compilation terminated.
configure:8472: $? = 1
configure: failed program was:
| /* confdefs.h */
| #define PACKAGE_NAME "mesos"
| #define PACKAGE_TARNAME "mesos"
| #define PACKAGE_VERSION "0.26.0"
| #define PACKAGE_STRING "mesos 0.26.0"
| #define PACKAGE_BUGREPORT ""
| #define PACKAGE_URL ""
| #define PACKAGE "mesos"
| #define VERSION "0.26.0"
| /* end confdefs.h.  */
| #include <ac_nonexistent.h>
configure:8501: checking for ANSI C header files
configure:8521: gcc -c -g -O2  conftest.c >&5
configure:8521: $? = 0
configure:8594: gcc -o conftest -g -O2   conftest.c  >&5
configure:8594: $? = 0
configure:8594: ./conftest
configure:8594: $? = 0
configure:8605: result: yes
configure:8618: checking for sys/types.h
configure:8618: gcc -c -g -O2  conftest.c >&5
configure:8618: $? = 0
configure:8618: result: yes
configure:8618: checking for sys/stat.h
configure:8618: gcc -c -g -O2  conftest.c >&5
configure:8618: $? = 0
configure:8618: result: yes
configure:8618: checking for stdlib.h
configure:8618: gcc -c -g -O2  conftest.c >&5
configure:8618: $? = 0
configure:8618: result: yes
configure:8618: checking for string.h
configure:8618: gcc -c -g -O2  conftest.c >&5
configure:8618: $? = 0
configure:8618: result: yes
configure:8618: checking for memory.h
configure:8618: gcc -c -g -O2  conftest.c >&5
configure:8618: $? = 0
configure:8618: result: yes
configure:8618: checking for strings.h
configure:8618: gcc -c -g -O2  conftest.c >&5
configure:8618: $? = 0
configure:8618: result: yes
configure:8618: checking for inttypes.h
configure:8618: gcc -c -g -O2  conftest.c >&5
configure:8618: $? = 0
configure:8618: result: yes
configure:8618: checking for stdint.h
configure:8618: gcc -c -g -O2  conftest.c >&5
configure:8618: $? = 0
configure:8618: result: yes
configure:8618: checking for unistd.h
configure:8618: gcc -c -g -O2  conftest.c >&5
configure:8618: $? = 0
configure:8618: result: yes
configure:8632: checking for dlfcn.h
configure:8632: gcc -c -g -O2  conftest.c >&5
configure:8632: $? = 0
configure:8632: result: yes
configure:8818: checking for objdir
configure:8833: result: .libs
configure:9104: checking if gcc supports -fno-rtti -fno-exceptions
configure:9122: gcc -c -g -O2  -fno-rtti -fno-exceptions conftest.c >&5
cc1: warning: command line option '-fno-rtti' is valid for C++/ObjC++ but not for C [enabled by default]
configure:9126: $? = 0
configure:9139: result: no
configure:9466: checking for gcc option to produce PIC
configure:9473: result: -fPIC -DPIC
configure:9481: checking if gcc PIC flag -fPIC -DPIC works
configure:9499: gcc -c -g -O2  -fPIC -DPIC -DPIC conftest.c >&5
configure:9503: $? = 0
configure:9516: result: yes
configure:9545: checking if gcc static flag -static works
configure:9573: result: yes
configure:9588: checking if gcc supports -c -o file.o
configure:9609: gcc -c -g -O2  -o out/conftest2.o conftest.c >&5
configure:9613: $? = 0
configure:9635: result: yes
configure:9643: checking if gcc supports -c -o file.o
configure:9690: result: yes
configure:9723: checking whether the gcc linker (/usr/bin/ld -m elf_x86_64) supports shared libraries
configure:10880: result: yes
configure:10917: checking whether -lc should be explicitly linked in
configure:10925: gcc -c -g -O2  conftest.c >&5
configure:10928: $? = 0
configure:10943: gcc -shared  -fPIC -DPIC conftest.o  -v -Wl,-soname -Wl,conftest -o conftest 2\>\&1 \| /bin/grep  -lc  \>/dev/null 2\>\&1
configure:10946: $? = 0
configure:10960: result: no
configure:11120: checking dynamic linker characteristics
configure:11620: gcc -o conftest -g -O2   -Wl,-rpath -Wl,/foo conftest.c  >&5
configure:11620: $? = 0
configure:11854: result: GNU/Linux ld.so
configure:11961: checking how to hardcode library paths into programs
configure:11986: result: immediate
configure:12526: checking whether stripping libraries is possible
configure:12531: result: yes
configure:12566: checking if libtool supports shared libraries
configure:12568: result: yes
configure:12571: checking whether to build shared libraries
configure:12592: result: yes
configure:12595: checking whether to build static libraries
configure:12599: result: no
configure:12622: checking how to run the C++ preprocessor
configure:12649: g++ -E  conftest.cpp
configure:12649: $? = 0
configure:12663: g++ -E  conftest.cpp
conftest.cpp:23:28: fatal error: ac_nonexistent.h: No such file or directory
 #include <ac_nonexistent.h>
                            ^
compilation terminated.
configure:12663: $? = 1
configure: failed program was:
| /* confdefs.h */
| #define PACKAGE_NAME "mesos"
| #define PACKAGE_TARNAME "mesos"
| #define PACKAGE_VERSION "0.26.0"
| #define PACKAGE_STRING "mesos 0.26.0"
| #define PACKAGE_BUGREPORT ""
| #define PACKAGE_URL ""
| #define PACKAGE "mesos"
| #define VERSION "0.26.0"
| #define STDC_HEADERS 1
| #define HAVE_SYS_TYPES_H 1
| #define HAVE_SYS_STAT_H 1
| #define HAVE_STDLIB_H 1
| #define HAVE_STRING_H 1
| #define HAVE_MEMORY_H 1
| #define HAVE_STRINGS_H 1
| #define HAVE_INTTYPES_H 1
| #define HAVE_STDINT_H 1
| #define HAVE_UNISTD_H 1
| #define HAVE_DLFCN_H 1
| #define LT_OBJDIR ".libs/"
| /* end confdefs.h.  */
| #include <ac_nonexistent.h>
configure:12688: result: g++ -E
configure:12708: g++ -E  conftest.cpp
configure:12708: $? = 0
configure:12722: g++ -E  conftest.cpp
conftest.cpp:23:28: fatal error: ac_nonexistent.h: No such file or directory
 #include <ac_nonexistent.h>
                            ^
compilation terminated.
configure:12722: $? = 1
configure: failed program was:
| /* confdefs.h */
| #define PACKAGE_NAME "mesos"
| #define PACKAGE_TARNAME "mesos"
| #define PACKAGE_VERSION "0.26.0"
| #define PACKAGE_STRING "mesos 0.26.0"
| #define PACKAGE_BUGREPORT ""
| #define PACKAGE_URL ""
| #define PACKAGE "mesos"
| #define VERSION "0.26.0"
| #define STDC_HEADERS 1
| #define HAVE_SYS_TYPES_H 1
| #define HAVE_SYS_STAT_H 1
| #define HAVE_STDLIB_H 1
| #define HAVE_STRING_H 1
| #define HAVE_MEMORY_H 1
| #define HAVE_STRINGS_H 1
| #define HAVE_INTTYPES_H 1
| #define HAVE_STDINT_H 1
| #define HAVE_UNISTD_H 1
| #define HAVE_DLFCN_H 1
| #define LT_OBJDIR ".libs/"
| /* end confdefs.h.  */
| #include <ac_nonexistent.h>
configure:12891: checking for ld used by g++
configure:12958: result: /usr/bin/ld -m elf_x86_64
configure:12965: checking if the linker (/usr/bin/ld -m elf_x86_64) is GNU ld
configure:12980: result: yes
configure:13035: checking whether the g++ linker (/usr/bin/ld -m elf_x86_64) supports shared libraries
configure:14037: result: yes
configure:14073: g++ -c -g -O2  conftest.cpp >&5
configure:14076: $? = 0
configure:14596: checking for g++ option to produce PIC
configure:14603: result: -fPIC -DPIC
configure:14611: checking if g++ PIC flag -fPIC -DPIC works
configure:14629: g++ -c -g -O2  -fPIC -DPIC -DPIC conftest.cpp >&5
configure:14633: $? = 0
configure:14646: result: yes
configure:14669: checking if g++ static flag -static works
configure:14697: result: yes
configure:14709: checking if g++ supports -c -o file.o
configure:14730: g++ -c -g -O2  -o out/conftest2.o conftest.cpp >&5
configure:14734: $? = 0
configure:14756: result: yes
configure:14761: checking if g++ supports -c -o file.o
configure:14808: result: yes
configure:14838: checking whether the g++ linker (/usr/bin/ld -m elf_x86_64) supports shared libraries
configure:14877: result: yes
configure:15018: checking dynamic linker characteristics
configure:15686: result: GNU/Linux ld.so
configure:15739: checking how to hardcode library paths into programs
configure:15764: result: immediate
configure:15827: creating ./config.lt

## ------------------ ##
## Running config.lt. ##
## ------------------ ##
config.lt:681: creating libtool
configure:17758: Setting up build environment for x86_64 linux-gnu
configure:17899: checking for C++ compiler version
configure:17908: g++ --version >&5
g++ (Ubuntu 4.8.4-2ubuntu1~14.04) 4.8.4
Copyright (C) 2013 Free Software Foundation, Inc.
This is free software; see the source for copying conditions.  There is NO
warranty; not even for MERCHANTABILITY or FITNESS FOR A PARTICULAR PURPOSE.

configure:17919: $? = 0
configure:17908: g++ -v >&5
Using built-in specs.
COLLECT_GCC=g++
COLLECT_LTO_WRAPPER=/usr/lib/gcc/x86_64-linux-gnu/4.8/lto-wrapper
Target: x86_64-linux-gnu
Configured with: ../src/configure -v --with-pkgversion='Ubuntu 4.8.4-2ubuntu1~14.04' --with-bugurl=file:///usr/share/doc/gcc-4.8/README.Bugs --enable-languages=c,c++,java,go,d,fortran,objc,obj-c++ --prefix=/usr --program-suffix=-4.8 --enable-shared --enable-linker-build-id --libexecdir=/usr/lib --without-included-gettext --enable-threads=posix --with-gxx-include-dir=/usr/include/c++/4.8 --libdir=/usr/lib --enable-nls --with-sysroot=/ --enable-clocale=gnu --enable-libstdcxx-debug --enable-libstdcxx-time=yes --enable-gnu-unique-object --disable-libmudflap --enable-plugin --with-system-zlib --disable-browser-plugin --enable-java-awt=gtk --enable-gtk-cairo --with-java-home=/usr/lib/jvm/java-1.5.0-gcj-4.8-amd64/jre --enable-java-home --with-jvm-root-dir=/usr/lib/jvm/java-1.5.0-gcj-4.8-amd64 --with-jvm-jar-dir=/usr/lib/jvm-exports/java-1.5.0-gcj-4.8-amd64 --with-arch-directory=amd64 --with-ecj-jar=/usr/share/java/eclipse-ecj.jar --enable-objc-gc --enable-multiarch --disable-werror --with-arch-32=i686 --with-abi=m64 --with-multilib-list=m32,m64,mx32 --with-tune=generic --enable-checking=release --build=x86_64-linux-gnu --host=x86_64-linux-gnu --target=x86_64-linux-gnu
Thread model: posix
gcc version 4.8.4 (Ubuntu 4.8.4-2ubuntu1~14.04) 
configure:17919: $? = 0
configure:17908: g++ -V >&5
g++: error: unrecognized command line option '-V'
g++: fatal error: no input files
compilation terminated.
configure:17919: $? = 4
configure:17908: g++ -qversion >&5
g++: error: unrecognized command line option '-qversion'
g++: fatal error: no input files
compilation terminated.
configure:17919: $? = 4
configure:17923: checking whether we are using the GNU C++ compiler
configure:17951: result: yes
configure:17960: checking whether g++ accepts -g
configure:18021: result: yes
configure:18046: checking dependency style of g++
configure:18157: result: gcc3
configure:18284: checking for C compiler version
configure:18293: gcc --version >&5
gcc (Ubuntu 4.8.4-2ubuntu1~14.04) 4.8.4
Copyright (C) 2013 Free Software Foundation, Inc.
This is free software; see the source for copying conditions.  There is NO
warranty; not even for MERCHANTABILITY or FITNESS FOR A PARTICULAR PURPOSE.

configure:18304: $? = 0
configure:18293: gcc -v >&5
Using built-in specs.
COLLECT_GCC=gcc
COLLECT_LTO_WRAPPER=/usr/lib/gcc/x86_64-linux-gnu/4.8/lto-wrapper
Target: x86_64-linux-gnu
Configured with: ../src/configure -v --with-pkgversion='Ubuntu 4.8.4-2ubuntu1~14.04' --with-bugurl=file:///usr/share/doc/gcc-4.8/README.Bugs --enable-languages=c,c++,java,go,d,fortran,objc,obj-c++ --prefix=/usr --program-suffix=-4.8 --enable-shared --enable-linker-build-id --libexecdir=/usr/lib --without-included-gettext --enable-threads=posix --with-gxx-include-dir=/usr/include/c++/4.8 --libdir=/usr/lib --enable-nls --with-sysroot=/ --enable-clocale=gnu --enable-libstdcxx-debug --enable-libstdcxx-time=yes --enable-gnu-unique-object --disable-libmudflap --enable-plugin --with-system-zlib --disable-browser-plugin --enable-java-awt=gtk --enable-gtk-cairo --with-java-home=/usr/lib/jvm/java-1.5.0-gcj-4.8-amd64/jre --enable-java-home --with-jvm-root-dir=/usr/lib/jvm/java-1.5.0-gcj-4.8-amd64 --with-jvm-jar-dir=/usr/lib/jvm-exports/java-1.5.0-gcj-4.8-amd64 --with-arch-directory=amd64 --with-ecj-jar=/usr/share/java/eclipse-ecj.jar --enable-objc-gc --enable-multiarch --disable-werror --with-arch-32=i686 --with-abi=m64 --with-multilib-list=m32,m64,mx32 --with-tune=generic --enable-checking=release --build=x86_64-linux-gnu --host=x86_64-linux-gnu --target=x86_64-linux-gnu
Thread model: posix
gcc version 4.8.4 (Ubuntu 4.8.4-2ubuntu1~14.04) 
configure:18304: $? = 0
configure:18293: gcc -V >&5
gcc: error: unrecognized command line option '-V'
gcc: fatal error: no input files
compilation terminated.
configure:18304: $? = 4
configure:18293: gcc -qversion >&5
gcc: error: unrecognized command line option '-qversion'
gcc: fatal error: no input files
compilation terminated.
configure:18304: $? = 4
configure:18308: checking whether we are using the GNU C compiler
configure:18336: result: yes
configure:18345: checking whether gcc accepts -g
configure:18406: result: yes
configure:18423: checking for gcc option to accept ISO C89
configure:18499: result: none needed
configure:18524: checking whether gcc understands -c and -o together
configure:18561: result: yes
configure:18580: checking dependency style of gcc
configure:18691: result: gcc3
configure:18707: checking for C++ compiler vendor
configure:18754: g++ -c -g -O2  conftest.cpp >&5
conftest.cpp: In function 'int main()':
conftest.cpp:29:9: error: 'thisisanerror' was not declared in this scope
         thisisanerror;
         ^
configure:18754: $? = 1
configure: failed program was:
| /* confdefs.h */
| #define PACKAGE_NAME "mesos"
| #define PACKAGE_TARNAME "mesos"
| #define PACKAGE_VERSION "0.26.0"
| #define PACKAGE_STRING "mesos 0.26.0"
| #define PACKAGE_BUGREPORT ""
| #define PACKAGE_URL ""
| #define PACKAGE "mesos"
| #define VERSION "0.26.0"
| #define STDC_HEADERS 1
| #define HAVE_SYS_TYPES_H 1
| #define HAVE_SYS_STAT_H 1
| #define HAVE_STDLIB_H 1
| #define HAVE_STRING_H 1
| #define HAVE_MEMORY_H 1
| #define HAVE_STRINGS_H 1
| #define HAVE_INTTYPES_H 1
| #define HAVE_STDINT_H 1
| #define HAVE_UNISTD_H 1
| #define HAVE_DLFCN_H 1
| #define LT_OBJDIR ".libs/"
| /* end confdefs.h.  */
| 
| int
| main ()
| {
| 
|       #if !(defined(__ICC) || defined(__ECC) || defined(__INTEL_COMPILER))
|         thisisanerror;
|       #endif
| 
|   ;
|   return 0;
| }
configure:18754: g++ -c -g -O2  conftest.cpp >&5
conftest.cpp: In function 'int main()':
conftest.cpp:29:9: error: 'thisisanerror' was not declared in this scope
         thisisanerror;
         ^
configure:18754: $? = 1
configure: failed program was:
| /* confdefs.h */
| #define PACKAGE_NAME "mesos"
| #define PACKAGE_TARNAME "mesos"
| #define PACKAGE_VERSION "0.26.0"
| #define PACKAGE_STRING "mesos 0.26.0"
| #define PACKAGE_BUGREPORT ""
| #define PACKAGE_URL ""
| #define PACKAGE "mesos"
| #define VERSION "0.26.0"
| #define STDC_HEADERS 1
| #define HAVE_SYS_TYPES_H 1
| #define HAVE_SYS_STAT_H 1
| #define HAVE_STDLIB_H 1
| #define HAVE_STRING_H 1
| #define HAVE_MEMORY_H 1
| #define HAVE_STRINGS_H 1
| #define HAVE_INTTYPES_H 1
| #define HAVE_STDINT_H 1
| #define HAVE_UNISTD_H 1
| #define HAVE_DLFCN_H 1
| #define LT_OBJDIR ".libs/"
| /* end confdefs.h.  */
| 
| int
| main ()
| {
| 
|       #if !(defined(__xlc__) || defined(__xlC__) || defined(__IBMC__) || defined(__IBMCPP__))
|         thisisanerror;
|       #endif
| 
|   ;
|   return 0;
| }
configure:18754: g++ -c -g -O2  conftest.cpp >&5
conftest.cpp: In function 'int main()':
conftest.cpp:29:9: error: 'thisisanerror' was not declared in this scope
         thisisanerror;
         ^
configure:18754: $? = 1
configure: failed program was:
| /* confdefs.h */
| #define PACKAGE_NAME "mesos"
| #define PACKAGE_TARNAME "mesos"
| #define PACKAGE_VERSION "0.26.0"
| #define PACKAGE_STRING "mesos 0.26.0"
| #define PACKAGE_BUGREPORT ""
| #define PACKAGE_URL ""
| #define PACKAGE "mesos"
| #define VERSION "0.26.0"
| #define STDC_HEADERS 1
| #define HAVE_SYS_TYPES_H 1
| #define HAVE_SYS_STAT_H 1
| #define HAVE_STDLIB_H 1
| #define HAVE_STRING_H 1
| #define HAVE_MEMORY_H 1
| #define HAVE_STRINGS_H 1
| #define HAVE_INTTYPES_H 1
| #define HAVE_STDINT_H 1
| #define HAVE_UNISTD_H 1
| #define HAVE_DLFCN_H 1
| #define LT_OBJDIR ".libs/"
| /* end confdefs.h.  */
| 
| int
| main ()
| {
| 
|       #if !(defined(__PATHCC__) || defined(__PATHSCALE__))
|         thisisanerror;
|       #endif
| 
|   ;
|   return 0;
| }
configure:18754: g++ -c -g -O2  conftest.cpp >&5
conftest.cpp: In function 'int main()':
conftest.cpp:29:9: error: 'thisisanerror' was not declared in this scope
         thisisanerror;
         ^
configure:18754: $? = 1
configure: failed program was:
| /* confdefs.h */
| #define PACKAGE_NAME "mesos"
| #define PACKAGE_TARNAME "mesos"
| #define PACKAGE_VERSION "0.26.0"
| #define PACKAGE_STRING "mesos 0.26.0"
| #define PACKAGE_BUGREPORT ""
| #define PACKAGE_URL ""
| #define PACKAGE "mesos"
| #define VERSION "0.26.0"
| #define STDC_HEADERS 1
| #define HAVE_SYS_TYPES_H 1
| #define HAVE_SYS_STAT_H 1
| #define HAVE_STDLIB_H 1
| #define HAVE_STRING_H 1
| #define HAVE_MEMORY_H 1
| #define HAVE_STRINGS_H 1
| #define HAVE_INTTYPES_H 1
| #define HAVE_STDINT_H 1
| #define HAVE_UNISTD_H 1
| #define HAVE_DLFCN_H 1
| #define LT_OBJDIR ".libs/"
| /* end confdefs.h.  */
| 
| int
| main ()
| {
| 
|       #if !(defined(__clang__))
|         thisisanerror;
|       #endif
| 
|   ;
|   return 0;
| }
configure:18754: g++ -c -g -O2  conftest.cpp >&5
conftest.cpp: In function 'int main()':
conftest.cpp:29:9: error: 'thisisanerror' was not declared in this scope
         thisisanerror;
         ^
configure:18754: $? = 1
configure: failed program was:
| /* confdefs.h */
| #define PACKAGE_NAME "mesos"
| #define PACKAGE_TARNAME "mesos"
| #define PACKAGE_VERSION "0.26.0"
| #define PACKAGE_STRING "mesos 0.26.0"
| #define PACKAGE_BUGREPORT ""
| #define PACKAGE_URL ""
| #define PACKAGE "mesos"
| #define VERSION "0.26.0"
| #define STDC_HEADERS 1
| #define HAVE_SYS_TYPES_H 1
| #define HAVE_SYS_STAT_H 1
| #define HAVE_STDLIB_H 1
| #define HAVE_STRING_H 1
| #define HAVE_MEMORY_H 1
| #define HAVE_STRINGS_H 1
| #define HAVE_INTTYPES_H 1
| #define HAVE_STDINT_H 1
| #define HAVE_UNISTD_H 1
| #define HAVE_DLFCN_H 1
| #define LT_OBJDIR ".libs/"
| /* end confdefs.h.  */
| 
| int
| main ()
| {
| 
|       #if !(defined(_CRAYC))
|         thisisanerror;
|       #endif
| 
|   ;
|   return 0;
| }
configure:18754: g++ -c -g -O2  conftest.cpp >&5
conftest.cpp: In function 'int main()':
conftest.cpp:29:9: error: 'thisisanerror' was not declared in this scope
         thisisanerror;
         ^
configure:18754: $? = 1
configure: failed program was:
| /* confdefs.h */
| #define PACKAGE_NAME "mesos"
| #define PACKAGE_TARNAME "mesos"
| #define PACKAGE_VERSION "0.26.0"
| #define PACKAGE_STRING "mesos 0.26.0"
| #define PACKAGE_BUGREPORT ""
| #define PACKAGE_URL ""
| #define PACKAGE "mesos"
| #define VERSION "0.26.0"
| #define STDC_HEADERS 1
| #define HAVE_SYS_TYPES_H 1
| #define HAVE_SYS_STAT_H 1
| #define HAVE_STDLIB_H 1
| #define HAVE_STRING_H 1
| #define HAVE_MEMORY_H 1
| #define HAVE_STRINGS_H 1
| #define HAVE_INTTYPES_H 1
| #define HAVE_STDINT_H 1
| #define HAVE_UNISTD_H 1
| #define HAVE_DLFCN_H 1
| #define LT_OBJDIR ".libs/"
| /* end confdefs.h.  */
| 
| int
| main ()
| {
| 
|       #if !(defined(__FUJITSU))
|         thisisanerror;
|       #endif
| 
|   ;
|   return 0;
| }
configure:18754: g++ -c -g -O2  conftest.cpp >&5
configure:18754: $? = 0
configure:18762: result: gnu
configure:18767: checking for C++ compiler version
configure:18989: g++ -o conftest -g -O2   conftest.cpp  -lrt >&5
configure:18989: $? = 0
configure:18989: ./conftest
configure:18989: $? = 0
configure:18998: g++ -o conftest -g -O2   conftest.cpp  -lrt >&5
configure:18998: $? = 0
configure:18998: ./conftest
configure:18998: $? = 0
configure:19007: g++ -o conftest -g -O2   conftest.cpp  -lrt >&5
configure:19007: $? = 0
configure:19007: ./conftest
configure:19007: $? = 0
configure:19672: result: 4.8.4
configure:19675: checking for C++ compiler vendor
configure:19730: result: gnu
configure:20064: checking for main in -lgflags
configure:20083: g++ -o conftest -g1 -O0   conftest.cpp -lgflags   -lrt >&5
/usr/bin/ld: cannot find -lgflags
collect2: error: ld returned 1 exit status
configure:20083: $? = 1
configure: failed program was:
| /* confdefs.h */
| #define PACKAGE_NAME "mesos"
| #define PACKAGE_TARNAME "mesos"
| #define PACKAGE_VERSION "0.26.0"
| #define PACKAGE_STRING "mesos 0.26.0"
| #define PACKAGE_BUGREPORT ""
| #define PACKAGE_URL ""
| #define PACKAGE "mesos"
| #define VERSION "0.26.0"
| #define STDC_HEADERS 1
| #define HAVE_SYS_TYPES_H 1
| #define HAVE_SYS_STAT_H 1
| #define HAVE_STDLIB_H 1
| #define HAVE_STRING_H 1
| #define HAVE_MEMORY_H 1
| #define HAVE_STRINGS_H 1
| #define HAVE_INTTYPES_H 1
| #define HAVE_STDINT_H 1
| #define HAVE_UNISTD_H 1
| #define HAVE_DLFCN_H 1
| #define LT_OBJDIR ".libs/"
| /* end confdefs.h.  */
| 
| 
| int
| main ()
| {
| return main ();
|   ;
|   return 0;
| }
configure:20092: result: no
configure:20194: Setting up CXXFLAGS for g++ version >= 4.8
configure:20230: checking whether g++ supports C++11 features by default
configure:20329: g++ -c -g1 -O0 -Wno-unused-local-typedefs  conftest.cpp >&5
In file included from /usr/include/c++/4.8/initializer_list:36:0,
                 from conftest.cpp:24:
/usr/include/c++/4.8/bits/c++0x_warning.h:32:2: error: #error This file requires compiler and library support for the ISO C++ 2011 standard. This support is currently experimental, and must be enabled with the -std=c++11 or -std=gnu++11 compiler options.
 #error This file requires compiler and library support for the \
  ^
conftest.cpp:30:34: warning: variadic templates only available with -std=c++11 or -std=gnu++11 [enabled by default]
   template <typename T, typename ...Args>
                                  ^
conftest.cpp:33:21: error: expected identifier before 'sizeof'
       static_assert(sizeof(int) <= sizeof(T), "not big enough");
                     ^
conftest.cpp:33:21: error: expected ',' or '...' before 'sizeof'
conftest.cpp:33:63: error: ISO C++ forbids declaration of 'static_assert' with no type [-fpermissive]
       static_assert(sizeof(int) <= sizeof(T), "not big enough");
                                                               ^
conftest.cpp:36:27: error: '>>' should be '> >' within a nested template argument list
   typedef check<check<bool>> right_angle_brackets;
                           ^
conftest.cpp:39:11: error: expected constructor, destructor, or type conversion before '(' token
   decltype(a) b;
           ^
conftest.cpp:43:13: error: expected unqualified-id before '&&' token
   check_type&& cr = static_cast<check_type&&>(c);
             ^
conftest.cpp:45:8: error: 'd' does not name a type
   auto d = a;
        ^
conftest.cpp: In function 'void baz()':
conftest.cpp:55:5: error: 'unique_ptr' is not a member of 'std'
     std::unique_ptr<Foo> p1(new Foo);  // p1 owns Foo.
     ^
conftest.cpp:55:24: error: expected primary-expression before '>' token
     std::unique_ptr<Foo> p1(new Foo);  // p1 owns Foo.
                        ^
conftest.cpp:55:36: error: 'p1' was not declared in this scope
     std::unique_ptr<Foo> p1(new Foo);  // p1 owns Foo.
                                    ^
conftest.cpp:59:7: error: 'unique_ptr' is not a member of 'std'
       std::unique_ptr<Foo> p2(std::move(p1));  // Now p2 owns Foo.
       ^
conftest.cpp:59:26: error: expected primary-expression before '>' token
       std::unique_ptr<Foo> p2(std::move(p1));  // Now p2 owns Foo.
                          ^
conftest.cpp:59:31: error: 'move' is not a member of 'std'
       std::unique_ptr<Foo> p2(std::move(p1));  // Now p2 owns Foo.
                               ^
conftest.cpp:59:44: error: 'p2' was not declared in this scope
       std::unique_ptr<Foo> p2(std::move(p1));  // Now p2 owns Foo.
                                            ^
conftest.cpp:62:12: error: 'move' is not a member of 'std'
       p1 = std::move(p2);  // Ownership returns to p1.
            ^
conftest.cpp: At global scope:
conftest.cpp:68:3: error: 'shared_ptr' in namespace 'std' does not name a type
   std::shared_ptr<int> k = std::make_shared<int>(2);
   ^
conftest.cpp: In function 'void mutexTest()':
conftest.cpp:72:5: error: 'mutex' is not a member of 'std'
     std::mutex _mutex;
     ^
conftest.cpp:72:16: error: expected ';' before '_mutex'
     std::mutex _mutex;
                ^
conftest.cpp:75:7: error: 'lock_guard' is not a member of 'std'
       std::lock_guard<std::mutex> lockGuard(_mutex);
       ^
conftest.cpp:75:23: error: 'mutex' is not a member of 'std'
       std::lock_guard<std::mutex> lockGuard(_mutex);
                       ^
conftest.cpp:75:45: error: '_mutex' was not declared in this scope
       std::lock_guard<std::mutex> lockGuard(_mutex);
                                             ^
conftest.cpp:75:51: error: 'lockGuard' was not declared in this scope
       std::lock_guard<std::mutex> lockGuard(_mutex);
                                                   ^
conftest.cpp:81:7: error: 'unique_lock' is not a member of 'std'
       std::unique_lock<std::mutex> uniqueLock(_mutex);
       ^
conftest.cpp:81:24: error: 'mutex' is not a member of 'std'
       std::unique_lock<std::mutex> uniqueLock(_mutex);
                        ^
conftest.cpp:81:47: error: '_mutex' was not declared in this scope
       std::unique_lock<std::mutex> uniqueLock(_mutex);
                                               ^
conftest.cpp:81:53: error: 'uniqueLock' was not declared in this scope
       std::unique_lock<std::mutex> uniqueLock(_mutex);
                                                     ^
conftest.cpp: At global scope:
conftest.cpp:87:60: error: expected template-name before '<' token
   struct SharedStruct : public std::enable_shared_from_this<SharedStruct>
                                                            ^
conftest.cpp:87:60: error: expected '{' before '<' token
conftest.cpp:87:60: error: expected unqualified-id before '<' token
configure:20329: $? = 1
configure: failed program was:
| /* confdefs.h */
| #define PACKAGE_NAME "mesos"
| #define PACKAGE_TARNAME "mesos"
| #define PACKAGE_VERSION "0.26.0"
| #define PACKAGE_STRING "mesos 0.26.0"
| #define PACKAGE_BUGREPORT ""
| #define PACKAGE_URL ""
| #define PACKAGE "mesos"
| #define VERSION "0.26.0"
| #define STDC_HEADERS 1
| #define HAVE_SYS_TYPES_H 1
| #define HAVE_SYS_STAT_H 1
| #define HAVE_STDLIB_H 1
| #define HAVE_STRING_H 1
| #define HAVE_MEMORY_H 1
| #define HAVE_STRINGS_H 1
| #define HAVE_INTTYPES_H 1
| #define HAVE_STDINT_H 1
| #define HAVE_UNISTD_H 1
| #define HAVE_DLFCN_H 1
| #define LT_OBJDIR ".libs/"
| /* end confdefs.h.  */
| 
|   #include <initializer_list>
|   #include <memory>
|   #include <mutex>
|   #include <string>
|   #include <vector>
| 
|   template <typename T, typename ...Args>
|     struct check
|     {
|       static_assert(sizeof(int) <= sizeof(T), "not big enough");
|     };
| 
|   typedef check<check<bool>> right_angle_brackets;
| 
|   int a;
|   decltype(a) b;
| 
|   typedef check<int> check_type;
|   check_type c;
|   check_type&& cr = static_cast<check_type&&>(c);
| 
|   auto d = a;
| 
|   struct Foo
|   {
|     void bar() const {}
|   };
| 
|   void f(const Foo& foo) { foo.bar(); }
| 
|   void baz() {
|     std::unique_ptr<Foo> p1(new Foo);  // p1 owns Foo.
|     p1->bar();
| 
|     {
|       std::unique_ptr<Foo> p2(std::move(p1));  // Now p2 owns Foo.
|       f(*p2);
| 
|       p1 = std::move(p2);  // Ownership returns to p1.
|     }
| 
|     p1->bar();
|   }
| 
|   std::shared_ptr<int> k = std::make_shared<int>(2);
| 
|   void mutexTest()
|   {
|     std::mutex _mutex;
|     {
|       // scope of lockGuard.
|       std::lock_guard<std::mutex> lockGuard(_mutex);
|       // end scope of lockGuard.
|     }
| 
|     {
|       // scope of uniqueLock.
|       std::unique_lock<std::mutex> uniqueLock(_mutex);
|       // end scope of uniqueLock.
|     }
|   }
| 
|   // check for std::enable_shared_from_this.
|   struct SharedStruct : public std::enable_shared_from_this<SharedStruct>
|   {
|     std::shared_ptr<SharedStruct> get()
|     {
|       return shared_from_this();
|     }
|   };
| 
|   // construct a new shared_ptr using shared_from_this().
|   std::shared_ptr<SharedStruct> object =
|     std::shared_ptr<SharedStruct>(new SharedStruct())->get();
| 
|   // initializer lists.
|   std::vector<std::string> g = {"hello", "world"};
| 
|   struct InitializerList
|   {
|     InitializerList(std::initializer_list<int>) {}
|     void doSomething(std::initializer_list<int>) {}
|   };
| 
|   void initializerListClassTest()
|   {
|     InitializerList il{1,2,3,4};
|     il.doSomething({5,6,7,8});
|   }
| 
configure:20336: result: no
configure:20348: checking whether g++ supports C++11 features with -std=c++11
configure:20449: g++ -c -g1 -O0 -Wno-unused-local-typedefs -std=c++11  conftest.cpp >&5
configure:20449: $? = 0
configure:20458: result: yes
configure:20517: g++ -c -g1 -O0 -Wno-unused-local-typedefs -std=c++11  conftest.cpp >&5
configure:20517: $? = 0
configure:20676: checking if compiler needs -Werror to reject unknown flags
configure:20692: gcc -c -g1 -O0 -Wno-unused-local-typedefs -Werror -Wunknown-warning-option -Wsizeof-array-argument  conftest.c >&5
gcc: error: unrecognized command line option '-Wunknown-warning-option'
gcc: error: unrecognized command line option '-Wsizeof-array-argument'
configure:20692: $? = 1
configure: failed program was:
| /* confdefs.h */
| #define PACKAGE_NAME "mesos"
| #define PACKAGE_TARNAME "mesos"
| #define PACKAGE_VERSION "0.26.0"
| #define PACKAGE_STRING "mesos 0.26.0"
| #define PACKAGE_BUGREPORT ""
| #define PACKAGE_URL ""
| #define PACKAGE "mesos"
| #define VERSION "0.26.0"
| #define STDC_HEADERS 1
| #define HAVE_SYS_TYPES_H 1
| #define HAVE_SYS_STAT_H 1
| #define HAVE_STDLIB_H 1
| #define HAVE_STRING_H 1
| #define HAVE_MEMORY_H 1
| #define HAVE_STRINGS_H 1
| #define HAVE_INTTYPES_H 1
| #define HAVE_STDINT_H 1
| #define HAVE_UNISTD_H 1
| #define HAVE_DLFCN_H 1
| #define LT_OBJDIR ".libs/"
| /* end confdefs.h.  */
| int foo(void);
| int
| main ()
| {
| foo()
|   ;
|   return 0;
| }
configure:20697: result: no
configure:20763: checking for the pthreads library -lpthreads
configure:20801: gcc -o conftest -g1 -O0 -Wno-unused-local-typedefs     conftest.c -lpthreads  -lrt >&5
/usr/bin/ld: cannot find -lpthreads
collect2: error: ld returned 1 exit status
configure:20801: $? = 1
configure: failed program was:
| /* confdefs.h */
| #define PACKAGE_NAME "mesos"
| #define PACKAGE_TARNAME "mesos"
| #define PACKAGE_VERSION "0.26.0"
| #define PACKAGE_STRING "mesos 0.26.0"
| #define PACKAGE_BUGREPORT ""
| #define PACKAGE_URL ""
| #define PACKAGE "mesos"
| #define VERSION "0.26.0"
| #define STDC_HEADERS 1
| #define HAVE_SYS_TYPES_H 1
| #define HAVE_SYS_STAT_H 1
| #define HAVE_STDLIB_H 1
| #define HAVE_STRING_H 1
| #define HAVE_MEMORY_H 1
| #define HAVE_STRINGS_H 1
| #define HAVE_INTTYPES_H 1
| #define HAVE_STDINT_H 1
| #define HAVE_UNISTD_H 1
| #define HAVE_DLFCN_H 1
| #define LT_OBJDIR ".libs/"
| /* end confdefs.h.  */
| #include <pthread.h>
|                         static void routine(void *a) { a = 0; }
|                         static void *start_routine(void *a) { return a; }
| int
| main ()
| {
| pthread_t th; pthread_attr_t attr;
|                         pthread_create(&th, 0, start_routine, 0);
|                         pthread_join(th, 0);
|                         pthread_attr_init(&attr);
|                         pthread_cleanup_push(routine, 0);
|                         pthread_cleanup_pop(0) /* ; */
|   ;
|   return 0;
| }
configure:20810: result: no
configure:20708: checking whether pthreads work without any flags
configure:20801: gcc -o conftest -g1 -O0 -Wno-unused-local-typedefs     conftest.c   -lrt >&5
/tmp/ccE4C2ry.o: In function `main':
conftest.c:(.text+0x55): undefined reference to `pthread_create'
conftest.c:(.text+0x69): undefined reference to `pthread_join'
conftest.c:(.text+0xe3): undefined reference to `__pthread_register_cancel'
conftest.c:(.text+0xf2): undefined reference to `__pthread_unregister_cancel'
collect2: error: ld returned 1 exit status
configure:20801: $? = 1
configure: failed program was:
| /* confdefs.h */
| #define PACKAGE_NAME "mesos"
| #define PACKAGE_TARNAME "mesos"
| #define PACKAGE_VERSION "0.26.0"
| #define PACKAGE_STRING "mesos 0.26.0"
| #define PACKAGE_BUGREPORT ""
| #define PACKAGE_URL ""
| #define PACKAGE "mesos"
| #define VERSION "0.26.0"
| #define STDC_HEADERS 1
| #define HAVE_SYS_TYPES_H 1
| #define HAVE_SYS_STAT_H 1
| #define HAVE_STDLIB_H 1
| #define HAVE_STRING_H 1
| #define HAVE_MEMORY_H 1
| #define HAVE_STRINGS_H 1
| #define HAVE_INTTYPES_H 1
| #define HAVE_STDINT_H 1
| #define HAVE_UNISTD_H 1
| #define HAVE_DLFCN_H 1
| #define LT_OBJDIR ".libs/"
| /* end confdefs.h.  */
| #include <pthread.h>
|                         static void routine(void *a) { a = 0; }
|                         static void *start_routine(void *a) { return a; }
| int
| main ()
| {
| pthread_t th; pthread_attr_t attr;
|                         pthread_create(&th, 0, start_routine, 0);
|                         pthread_join(th, 0);
|                         pthread_attr_init(&attr);
|                         pthread_cleanup_push(routine, 0);
|                         pthread_cleanup_pop(0) /* ; */
|   ;
|   return 0;
| }
configure:20810: result: no
configure:20713: checking whether pthreads work with -Kthread
configure:20801: gcc -o conftest -g1 -O0 -Wno-unused-local-typedefs -Kthread    conftest.c   -lrt >&5
gcc: error: unrecognized command line option '-Kthread'
configure:20801: $? = 1
configure: failed program was:
| /* confdefs.h */
| #define PACKAGE_NAME "mesos"
| #define PACKAGE_TARNAME "mesos"
| #define PACKAGE_VERSION "0.26.0"
| #define PACKAGE_STRING "mesos 0.26.0"
| #define PACKAGE_BUGREPORT ""
| #define PACKAGE_URL ""
| #define PACKAGE "mesos"
| #define VERSION "0.26.0"
| #define STDC_HEADERS 1
| #define HAVE_SYS_TYPES_H 1
| #define HAVE_SYS_STAT_H 1
| #define HAVE_STDLIB_H 1
| #define HAVE_STRING_H 1
| #define HAVE_MEMORY_H 1
| #define HAVE_STRINGS_H 1
| #define HAVE_INTTYPES_H 1
| #define HAVE_STDINT_H 1
| #define HAVE_UNISTD_H 1
| #define HAVE_DLFCN_H 1
| #define LT_OBJDIR ".libs/"
| /* end confdefs.h.  */
| #include <pthread.h>
|                         static void routine(void *a) { a = 0; }
|                         static void *start_routine(void *a) { return a; }
| int
| main ()
| {
| pthread_t th; pthread_attr_t attr;
|                         pthread_create(&th, 0, start_routine, 0);
|                         pthread_join(th, 0);
|                         pthread_attr_init(&attr);
|                         pthread_cleanup_push(routine, 0);
|                         pthread_cleanup_pop(0) /* ; */
|   ;
|   return 0;
| }
configure:20810: result: no
configure:20713: checking whether pthreads work with -kthread
configure:20801: gcc -o conftest -g1 -O0 -Wno-unused-local-typedefs -kthread    conftest.c   -lrt >&5
gcc: error: unrecognized command line option '-kthread'
configure:20801: $? = 1
configure: failed program was:
| /* confdefs.h */
| #define PACKAGE_NAME "mesos"
| #define PACKAGE_TARNAME "mesos"
| #define PACKAGE_VERSION "0.26.0"
| #define PACKAGE_STRING "mesos 0.26.0"
| #define PACKAGE_BUGREPORT ""
| #define PACKAGE_URL ""
| #define PACKAGE "mesos"
| #define VERSION "0.26.0"
| #define STDC_HEADERS 1
| #define HAVE_SYS_TYPES_H 1
| #define HAVE_SYS_STAT_H 1
| #define HAVE_STDLIB_H 1
| #define HAVE_STRING_H 1
| #define HAVE_MEMORY_H 1
| #define HAVE_STRINGS_H 1
| #define HAVE_INTTYPES_H 1
| #define HAVE_STDINT_H 1
| #define HAVE_UNISTD_H 1
| #define HAVE_DLFCN_H 1
| #define LT_OBJDIR ".libs/"
| /* end confdefs.h.  */
| #include <pthread.h>
|                         static void routine(void *a) { a = 0; }
|                         static void *start_routine(void *a) { return a; }
| int
| main ()
| {
| pthread_t th; pthread_attr_t attr;
|                         pthread_create(&th, 0, start_routine, 0);
|                         pthread_join(th, 0);
|                         pthread_attr_init(&attr);
|                         pthread_cleanup_push(routine, 0);
|                         pthread_cleanup_pop(0) /* ; */
|   ;
|   return 0;
| }
configure:20810: result: no
configure:20763: checking for the pthreads library -llthread
configure:20801: gcc -o conftest -g1 -O0 -Wno-unused-local-typedefs     conftest.c -llthread  -lrt >&5
/usr/bin/ld: cannot find -llthread
collect2: error: ld returned 1 exit status
configure:20801: $? = 1
configure: failed program was:
| /* confdefs.h */
| #define PACKAGE_NAME "mesos"
| #define PACKAGE_TARNAME "mesos"
| #define PACKAGE_VERSION "0.26.0"
| #define PACKAGE_STRING "mesos 0.26.0"
| #define PACKAGE_BUGREPORT ""
| #define PACKAGE_URL ""
| #define PACKAGE "mesos"
| #define VERSION "0.26.0"
| #define STDC_HEADERS 1
| #define HAVE_SYS_TYPES_H 1
| #define HAVE_SYS_STAT_H 1
| #define HAVE_STDLIB_H 1
| #define HAVE_STRING_H 1
| #define HAVE_MEMORY_H 1
| #define HAVE_STRINGS_H 1
| #define HAVE_INTTYPES_H 1
| #define HAVE_STDINT_H 1
| #define HAVE_UNISTD_H 1
| #define HAVE_DLFCN_H 1
| #define LT_OBJDIR ".libs/"
| /* end confdefs.h.  */
| #include <pthread.h>
|                         static void routine(void *a) { a = 0; }
|                         static void *start_routine(void *a) { return a; }
| int
| main ()
| {
| pthread_t th; pthread_attr_t attr;
|                         pthread_create(&th, 0, start_routine, 0);
|                         pthread_join(th, 0);
|                         pthread_attr_init(&attr);
|                         pthread_cleanup_push(routine, 0);
|                         pthread_cleanup_pop(0) /* ; */
|   ;
|   return 0;
| }
configure:20810: result: no
configure:20713: checking whether pthreads work with -pthread
configure:20801: gcc -o conftest -g1 -O0 -Wno-unused-local-typedefs -pthread    conftest.c   -lrt >&5
configure:20801: $? = 0
configure:20810: result: yes
configure:20829: checking for joinable pthread attribute
configure:20844: gcc -o conftest -g1 -O0 -Wno-unused-local-typedefs -pthread   conftest.c   -lrt >&5
configure:20844: $? = 0
configure:20850: result: PTHREAD_CREATE_JOINABLE
configure:20860: checking if more special flags are required for pthreads
configure:20875: result: no
configure:20881: checking for PTHREAD_PRIO_INHERIT
configure:20898: gcc -o conftest -g1 -O0 -Wno-unused-local-typedefs -pthread   conftest.c   -lrt >&5
configure:20898: $? = 0
configure:20907: result: yes
configure:21009: checking for backtrace in -lunwind
configure:21034: g++ -o conftest -g1 -O0 -Wno-unused-local-typedefs -std=c++11   conftest.cpp -lunwind   -lrt >&5
/usr/bin/ld: cannot find -lunwind
collect2: error: ld returned 1 exit status
configure:21034: $? = 1
configure: failed program was:
| /* confdefs.h */
| #define PACKAGE_NAME "mesos"
| #define PACKAGE_TARNAME "mesos"
| #define PACKAGE_VERSION "0.26.0"
| #define PACKAGE_STRING "mesos 0.26.0"
| #define PACKAGE_BUGREPORT ""
| #define PACKAGE_URL ""
| #define PACKAGE "mesos"
| #define VERSION "0.26.0"
| #define STDC_HEADERS 1
| #define HAVE_SYS_TYPES_H 1
| #define HAVE_SYS_STAT_H 1
| #define HAVE_STDLIB_H 1
| #define HAVE_STRING_H 1
| #define HAVE_MEMORY_H 1
| #define HAVE_STRINGS_H 1
| #define HAVE_INTTYPES_H 1
| #define HAVE_STDINT_H 1
| #define HAVE_UNISTD_H 1
| #define HAVE_DLFCN_H 1
| #define LT_OBJDIR ".libs/"
| #define HAVE_PTHREAD_PRIO_INHERIT 1
| #define HAVE_PTHREAD 1
| /* end confdefs.h.  */
| 
| /* Override any GCC internal prototype to avoid an error.
|    Use char because int might match the return type of a GCC
|    builtin and then its argument prototype would still apply.  */
| #ifdef __cplusplus
| extern "C"
| #endif
| char backtrace ();
| int
| main ()
| {
| return backtrace ();
|   ;
|   return 0;
| }
configure:21043: result: no
configure:21102: checking for patch
configure:21118: found /usr/bin/patch
configure:21129: result: patch
configure:21156: checking for gzread in -lz
configure:21181: g++ -o conftest -g1 -O0 -Wno-unused-local-typedefs -std=c++11   conftest.cpp -lz   -lrt >&5
configure:21181: $? = 0
configure:21190: result: yes
configure:21217: checking for curl_global_init in -lcurl
configure:21242: g++ -o conftest -g1 -O0 -Wno-unused-local-typedefs -std=c++11   conftest.cpp -lcurl  -lz  -lrt >&5
configure:21242: $? = 0
configure:21251: result: yes
configure:21283: checking apr_pools.h usability
configure:21283: g++ -c -g1 -O0 -Wno-unused-local-typedefs -std=c++11 -I/usr/include/apr-1 -I/usr/include/apr-1.0  conftest.cpp >&5
configure:21283: $? = 0
configure:21283: result: yes
configure:21283: checking apr_pools.h presence
configure:21283: g++ -E -I/usr/include/apr-1 -I/usr/include/apr-1.0  conftest.cpp
configure:21283: $? = 0
configure:21283: result: yes
configure:21283: checking for apr_pools.h
configure:21283: result: yes
configure:21288: checking for apr_initialize in -lapr-1
configure:21313: g++ -o conftest -g1 -O0 -Wno-unused-local-typedefs -std=c++11 -I/usr/include/apr-1 -I/usr/include/apr-1.0   conftest.cpp -lapr-1  -lcurl -lz  -lrt >&5
configure:21313: $? = 0
configure:21322: result: yes
configure:21371: checking svn_version.h usability
configure:21371: g++ -c -g1 -O0 -Wno-unused-local-typedefs -std=c++11 -I/usr/include/subversion-1 -I/usr/include/apr-1 -I/usr/include/apr-1.0  conftest.cpp >&5
configure:21371: $? = 0
configure:21371: result: yes
configure:21371: checking svn_version.h presence
configure:21371: g++ -E -I/usr/include/subversion-1 -I/usr/include/apr-1 -I/usr/include/apr-1.0  conftest.cpp
configure:21371: $? = 0
configure:21371: result: yes
configure:21371: checking for svn_version.h
configure:21371: result: yes
configure:21376: checking for svn_stringbuf_create_ensure in -lsvn_subr-1
configure:21401: g++ -o conftest -g1 -O0 -Wno-unused-local-typedefs -std=c++11 -I/usr/include/subversion-1 -I/usr/include/apr-1 -I/usr/include/apr-1.0   conftest.cpp -lsvn_subr-1  -lapr-1 -lcurl -lz  -lrt >&5
configure:21401: $? = 0
configure:21410: result: yes
configure:21440: checking svn_delta.h usability
configure:21440: g++ -c -g1 -O0 -Wno-unused-local-typedefs -std=c++11 -I/usr/include/subversion-1 -I/usr/include/apr-1 -I/usr/include/apr-1.0  conftest.cpp >&5
configure:21440: $? = 0
configure:21440: result: yes
configure:21440: checking svn_delta.h presence
configure:21440: g++ -E -I/usr/include/subversion-1 -I/usr/include/apr-1 -I/usr/include/apr-1.0  conftest.cpp
configure:21440: $? = 0
configure:21440: result: yes
configure:21440: checking for svn_delta.h
configure:21440: result: yes
configure:21445: checking for svn_txdelta in -lsvn_delta-1
configure:21470: g++ -o conftest -g1 -O0 -Wno-unused-local-typedefs -std=c++11 -I/usr/include/subversion-1 -I/usr/include/apr-1 -I/usr/include/apr-1.0   conftest.cpp -lsvn_delta-1  -lsvn_subr-1 -lapr-1 -lcurl -lz  -lrt >&5
configure:21470: $? = 0
configure:21479: result: yes
configure:21516: checking for sasl_done in -lsasl2
configure:21541: g++ -o conftest -g1 -O0 -Wno-unused-local-typedefs -std=c++11 -I/usr/include/subversion-1 -I/usr/include/apr-1 -I/usr/include/apr-1.0   conftest.cpp -lsasl2  -lsvn_delta-1 -lsvn_subr-1 -lapr-1 -lcurl -lz  -lrt >&5
configure:21541: $? = 0
configure:21550: result: yes
configure:21568: checking SASL CRAM-MD5 support
configure:21625: result: yes
configure:21902: checking for javac
configure:21920: found /usr/bin/javac
configure:21933: result: /usr/bin/javac
configure:21943: checking for java
configure:21961: found /usr/bin/java
configure:21974: result: /usr/bin/java
configure:21987: checking value of Java system property 'java.home'
configure:22001: result: /usr/lib/jvm/java-7-openjdk-amd64/jre
configure:22023: using JAVA_HOME=/usr/lib/jvm/java-7-openjdk-amd64
configure:22052: checking whether or not we can build with JNI
libtool: link: g++ -Wall -Werror -I/usr/lib/jvm/java-7-openjdk-amd64/include -I/usr/lib/jvm/java-7-openjdk-amd64/include/linux -o conftest conftest.cpp -Wl,-ljvm  -L/usr/lib/jvm/java-7-openjdk-amd64/jre/lib/amd64/server -Wl,-rpath -Wl,/usr/lib/jvm/java-7-openjdk-amd64/jre/lib/amd64/server
configure:22175: result: yes
configure:22200: checking for mvn
configure:22218: found /usr/bin/mvn
configure:22231: result: /usr/bin/mvn
configure:22370: checking for a Python interpreter with version >= 2.6
configure:22385: python -c import sys, string # split strings by '.' and convert to numeric. Append some zeros # because we need at least 4 digits for the hex conversion. minver = map(int, string.split('2.6', '.')) + [0, 0, 0] minverhex = 0 for i in xrange(0, 4): minverhex = (minverhex << 8) + minver[i] sys.exit(sys.hexversion < minverhex)
configure:22388: $? = 0
configure:22394: result: python
configure:22402: checking for python
configure:22420: found /usr/bin/python
configure:22432: result: /usr/bin/python
configure:22456: checking for python version
configure:22463: result: 2.7
configure:22475: checking for python platform
configure:22482: result: linux2
configure:22489: checking for python script directory
configure:22497: result: ${prefix}/lib/python2.7/site-packages
configure:22506: checking for python extension module directory
configure:22514: result: ${exec_prefix}/lib/python2.7/site-packages
configure:22537: checking for python2.7
configure:22567: result: /usr/bin/python
configure:22583: checking for a version of Python >= '2.1.0'
configure:22609: result: yes
configure:22617: checking for a version of Python >= '2.6'
configure:22623: result: yes
configure:22640: checking for the distutils Python package
configure:22644: result: yes
configure:22658: checking for Python include path
configure:22674: result: -I/usr/include/python2.7
configure:22681: checking for Python library path
configure:22758: result: -L/usr/lib -lpython2.7
configure:22765: checking for Python site-packages path
configure:22771: result: /usr/lib/python2.7/dist-packages
configure:22778: checking python extra libraries
configure:22785: result: -lpthread -ldl  -lutil -lm
configure:22792: checking python extra linking flags
configure:22799: result: -Xlinker -export-dynamic -Wl,-O1 -Wl,-Bsymbolic-functions
configure:22806: checking consistency of all components of python development environment
configure:22832: gcc -o conftest -g1 -O0 -Wno-unused-local-typedefs -I/usr/include/subversion-1 -I/usr/include/apr-1 -I/usr/include/apr-1.0  -I/usr/include/python2.7  conftest.c -lsasl2 -lsvn_delta-1 -lsvn_subr-1 -lapr-1 -lcurl -lz  -lrt -L/usr/lib -lpython2.7 -Xlinker -export-dynamic -Wl,-O1 -Wl,-Bsymbolic-functions -lpthread -ldl  -lutil -lm >&5
configure:22832: $? = 0
configure:22849: result: yes
configure:22878: checking whether we can build usable Python eggs
configure:22953: result: yes
configure:22984: checking for an old installation of the Mesos egg (before 0.20.0)
configure:22996: result: no
configure:23076: checking python2 module: boto
configure:23081: result: yes
configure:24135: checking that generated files are newer than configure
configure:24141: result: done
configure:24249: creating ./config.status

## ---------------- ##
## Cache variables. ##
## ---------------- ##

ac_cv_build=x86_64-unknown-linux-gnu
ac_cv_c_compiler_gnu=yes
ac_cv_cxx_compiler_gnu=yes
ac_cv_env_CCC_set=
ac_cv_env_CCC_value=
ac_cv_env_CC_set=
ac_cv_env_CC_value=
ac_cv_env_CFLAGS_set=
ac_cv_env_CFLAGS_value=
ac_cv_env_CPPFLAGS_set=
ac_cv_env_CPPFLAGS_value=
ac_cv_env_CPP_set=
ac_cv_env_CPP_value=
ac_cv_env_CXXCPP_set=
ac_cv_env_CXXCPP_value=
ac_cv_env_CXXFLAGS_set=
ac_cv_env_CXXFLAGS_value=
ac_cv_env_CXX_set=
ac_cv_env_CXX_value=
ac_cv_env_JAVA_CPPFLAGS_set=
ac_cv_env_JAVA_CPPFLAGS_value=
ac_cv_env_JAVA_HOME_set=
ac_cv_env_JAVA_HOME_value=
ac_cv_env_JAVA_JVM_LIBRARY_set=
ac_cv_env_JAVA_JVM_LIBRARY_value=
ac_cv_env_LDFLAGS_set=
ac_cv_env_LDFLAGS_value=
ac_cv_env_LIBS_set=
ac_cv_env_LIBS_value=
ac_cv_env_MAVEN_HOME_set=
ac_cv_env_MAVEN_HOME_value=
ac_cv_env_PROTOBUF_JAR_set=
ac_cv_env_PROTOBUF_JAR_value=
ac_cv_env_PYTHON_VERSION_set=
ac_cv_env_PYTHON_VERSION_value=
ac_cv_env_PYTHON_set=
ac_cv_env_PYTHON_value=
ac_cv_env_build_alias_set=
ac_cv_env_build_alias_value=
ac_cv_env_host_alias_set=
ac_cv_env_host_alias_value=
ac_cv_env_target_alias_set=
ac_cv_env_target_alias_value=
ac_cv_header_apr_pools_h=yes
ac_cv_header_dlfcn_h=yes
ac_cv_header_inttypes_h=yes
ac_cv_header_memory_h=yes
ac_cv_header_stdc=yes
ac_cv_header_stdint_h=yes
ac_cv_header_stdlib_h=yes
ac_cv_header_string_h=yes
ac_cv_header_strings_h=yes
ac_cv_header_svn_delta_h=yes
ac_cv_header_svn_version_h=yes
ac_cv_header_sys_stat_h=yes
ac_cv_header_sys_types_h=yes
ac_cv_header_unistd_h=yes
ac_cv_host=x86_64-unknown-linux-gnu
ac_cv_lib_apr_1_apr_initialize=yes
ac_cv_lib_curl_curl_global_init=yes
ac_cv_lib_gflags_main=no
ac_cv_lib_sasl2_sasl_done=yes
ac_cv_lib_svn_delta_1_svn_txdelta=yes
ac_cv_lib_svn_subr_1_svn_stringbuf_create_ensure=yes
ac_cv_lib_unwind_backtrace=no
ac_cv_lib_z_gzread=yes
ac_cv_objext=o
ac_cv_path_EGREP='/bin/grep -E'
ac_cv_path_FGREP='/bin/grep -F'
ac_cv_path_GREP=/bin/grep
ac_cv_path_JAVA=/usr/bin/java
ac_cv_path_JAVAC=/usr/bin/javac
ac_cv_path_MVN=/usr/bin/mvn
ac_cv_path_PYTHON=/usr/bin/python
ac_cv_path_SED=/bin/sed
ac_cv_path_install='/usr/bin/install -c'
ac_cv_path_mkdir=/bin/mkdir
ac_cv_prog_AWK=gawk
ac_cv_prog_CPP='gcc -E'
ac_cv_prog_CXXCPP='g++ -E'
ac_cv_prog_ac_ct_AR=ar
ac_cv_prog_ac_ct_CC=gcc
ac_cv_prog_ac_ct_CXX=g++
ac_cv_prog_ac_ct_MANIFEST_TOOL=mt
ac_cv_prog_ac_ct_OBJDUMP=objdump
ac_cv_prog_ac_ct_PATCHCOMMAND_TEST=patch
ac_cv_prog_ac_ct_RANLIB=ranlib
ac_cv_prog_ac_ct_STRIP=strip
ac_cv_prog_cc_c89=
ac_cv_prog_cc_g=yes
ac_cv_prog_cxx_g=yes
ac_cv_prog_make_make_set=yes
ac_cv_target=x86_64-unknown-linux-gnu
am_cv_CC_dependencies_compiler_type=gcc3
am_cv_CXX_dependencies_compiler_type=gcc3
am_cv_ar_interface=ar
am_cv_make_support_nested_variables=yes
am_cv_pathless_PYTHON=python
am_cv_prog_cc_c_o=yes
am_cv_python_platform=linux2
am_cv_python_pyexecdir='${exec_prefix}/lib/python2.7/site-packages'
am_cv_python_pythondir='${prefix}/lib/python2.7/site-packages'
am_cv_python_version=2.7
ax_cv_PTHREAD_PRIO_INHERIT=yes
ax_cv_cxx_compile_cxx11=no
ax_cv_cxx_compile_cxx11__std_cpp11=yes
ax_cv_cxx_compiler_vendor=gnu
ax_cv_cxx_compiler_version=4.8.4
lt_cv_ar_at_file=@
lt_cv_archive_cmds_need_lc=no
lt_cv_deplibs_check_method=pass_all
lt_cv_file_magic_cmd='$MAGIC_CMD'
lt_cv_file_magic_test_file=
lt_cv_ld_reload_flag=-r
lt_cv_nm_interface='BSD nm'
lt_cv_objdir=.libs
lt_cv_path_LD=/usr/bin/ld
lt_cv_path_LDCXX='/usr/bin/ld -m elf_x86_64'
lt_cv_path_NM='/usr/bin/nm -B'
lt_cv_path_mainfest_tool=no
lt_cv_prog_compiler_c_o=yes
lt_cv_prog_compiler_c_o_CXX=yes
lt_cv_prog_compiler_pic='-fPIC -DPIC'
lt_cv_prog_compiler_pic_CXX='-fPIC -DPIC'
lt_cv_prog_compiler_pic_works=yes
lt_cv_prog_compiler_pic_works_CXX=yes
lt_cv_prog_compiler_rtti_exceptions=no
lt_cv_prog_compiler_static_works=yes
lt_cv_prog_compiler_static_works_CXX=yes
lt_cv_prog_gnu_ld=yes
lt_cv_prog_gnu_ldcxx=yes
lt_cv_sharedlib_from_linklib_cmd='printf %s\n'
lt_cv_shlibpath_overrides_runpath=no
lt_cv_sys_global_symbol_pipe='sed -n -e '\''s/^.*[	 ]\([ABCDGIRSTW][ABCDGIRSTW]*\)[	 ][	 ]*\([_A-Za-z][_A-Za-z0-9]*\)$/\1 \2 \2/p'\'' | sed '\''/ __gnu_lto/d'\'''
lt_cv_sys_global_symbol_to_c_name_address='sed -n -e '\''s/^: \([^ ]*\)[ ]*$/  {\"\1\", (void *) 0},/p'\'' -e '\''s/^[ABCDGIRSTW]* \([^ ]*\) \([^ ]*\)$/  {"\2", (void *) \&\2},/p'\'''
lt_cv_sys_global_symbol_to_c_name_address_lib_prefix='sed -n -e '\''s/^: \([^ ]*\)[ ]*$/  {\"\1\", (void *) 0},/p'\'' -e '\''s/^[ABCDGIRSTW]* \([^ ]*\) \(lib[^ ]*\)$/  {"\2", (void *) \&\2},/p'\'' -e '\''s/^[ABCDGIRSTW]* \([^ ]*\) \([^ ]*\)$/  {"lib\2", (void *) \&\2},/p'\'''
lt_cv_sys_global_symbol_to_cdecl='sed -n -e '\''s/^T .* \(.*\)$/extern int \1();/p'\'' -e '\''s/^[ABCDGIRSTW]* .* \(.*\)$/extern char \1;/p'\'''
lt_cv_sys_max_cmd_len=3458764513820540925
lt_cv_to_host_file_cmd=func_convert_file_noop
lt_cv_to_tool_file_cmd=func_convert_file_noop

## ----------------- ##
## Output variables. ##
## ----------------- ##

ACLOCAL='${SHELL} /home/vagrant/mesos/missing aclocal-1.14'
AMDEPBACKSLASH='\'
AMDEP_FALSE='#'
AMDEP_TRUE=''
AMTAR='$${TAR-tar}'
AM_BACKSLASH='\'
AM_DEFAULT_V='$(AM_DEFAULT_VERBOSITY)'
AM_DEFAULT_VERBOSITY='1'
AM_V='$(V)'
AR='ar'
AUTOCONF='${SHELL} /home/vagrant/mesos/missing autoconf'
AUTOHEADER='${SHELL} /home/vagrant/mesos/missing autoheader'
AUTOMAKE='${SHELL} /home/vagrant/mesos/missing automake-1.14'
AWK='gawk'
CC='gcc'
CCDEPMODE='depmode=gcc3'
CFLAGS='-g1 -O0 -Wno-unused-local-typedefs'
CONFIGURE_ARGS=' CXXFLAGS='\''-g1 -O0 -Wno-unused-local-typedefs -std=c++11'\'''
CPP='gcc -E'
CPPFLAGS='-I/usr/include/subversion-1 -I/usr/include/apr-1 -I/usr/include/apr-1.0 '
CXX='g++'
CXXCPP='g++ -E'
CXXDEPMODE='depmode=gcc3'
CXXFLAGS='-g1 -O0 -Wno-unused-local-typedefs -std=c++11'
CYGPATH_W='echo'
DEBUG_FALSE=''
DEBUG_TRUE='#'
DEFS='-DPACKAGE_NAME=\"mesos\" -DPACKAGE_TARNAME=\"mesos\" -DPACKAGE_VERSION=\"0.26.0\" -DPACKAGE_STRING=\"mesos\ 0.26.0\" -DPACKAGE_BUGREPORT=\"\" -DPACKAGE_URL=\"\" -DPACKAGE=\"mesos\" -DVERSION=\"0.26.0\" -DSTDC_HEADERS=1 -DHAVE_SYS_TYPES_H=1 -DHAVE_SYS_STAT_H=1 -DHAVE_STDLIB_H=1 -DHAVE_STRING_H=1 -DHAVE_MEMORY_H=1 -DHAVE_STRINGS_H=1 -DHAVE_INTTYPES_H=1 -DHAVE_STDINT_H=1 -DHAVE_UNISTD_H=1 -DHAVE_DLFCN_H=1 -DLT_OBJDIR=\".libs/\" -DHAVE_PTHREAD_PRIO_INHERIT=1 -DHAVE_PTHREAD=1 -DHAVE_LIBZ=1 -DHAVE_LIBCURL=1 -DHAVE_APR_POOLS_H=1 -DHAVE_LIBAPR_1=1 -DHAVE_SVN_VERSION_H=1 -DHAVE_LIBSVN_SUBR_1=1 -DHAVE_SVN_DELTA_H=1 -DHAVE_LIBSVN_DELTA_1=1 -DHAVE_LIBSASL2=1 -DMESOS_HAS_JAVA=1 -DHAVE_PYTHON=\"2.7\" -DMESOS_HAS_PYTHON=1'
DEPDIR='.deps'
DLLTOOL='false'
DSYMUTIL=''
DUMPBIN=''
ECHO_C=''
ECHO_N='-n'
ECHO_T=''
EGREP='/bin/grep -E'
ENABLE_LIBEVENT_FALSE=''
ENABLE_LIBEVENT_TRUE='#'
ENABLE_SSL_FALSE=''
ENABLE_SSL_TRUE='#'
EXEEXT=''
FGREP='/bin/grep -F'
GIT_REPO_FALSE='#'
GIT_REPO_TRUE=''
GREP='/bin/grep'
HAS_JAVA_FALSE='#'
HAS_JAVA_TRUE=''
HAS_PYTHON_FALSE='#'
HAS_PYTHON_TRUE=''
HAVE_CXX11=''
INSTALL_DATA='${INSTALL} -m 644'
INSTALL_PROGRAM='${INSTALL}'
INSTALL_SCRIPT='${INSTALL}'
INSTALL_STRIP_PROGRAM='$(install_sh) -c -s'
JAVA='/usr/bin/java'
JAVAC='/usr/bin/javac'
JAVA_CPPFLAGS='-I/usr/lib/jvm/java-7-openjdk-amd64/include -I/usr/lib/jvm/java-7-openjdk-amd64/include/linux'
JAVA_HOME='/usr/lib/jvm/java-7-openjdk-amd64'
JAVA_JVM_LIBRARY='/usr/lib/jvm/java-7-openjdk-amd64/jre/lib/amd64/server/libjvm.so'
LD='/usr/bin/ld -m elf_x86_64'
LDFLAGS=''
LIBOBJS=''
LIBS='-lsasl2 -lsvn_delta-1 -lsvn_subr-1 -lapr-1 -lcurl -lz  -lrt'
LIBTOOL='$(SHELL) $(top_builddir)/libtool'
LIPO=''
LN_S='ln -s'
LTLIBOBJS=''
MAINT=''
MAINTAINER_MODE_FALSE='#'
MAINTAINER_MODE_TRUE=''
MAKEINFO='${SHELL} /home/vagrant/mesos/missing makeinfo'
MANIFEST_TOOL=':'
MAVEN_HOME=''
MESOS_MAJOR_VERSION='0'
MESOS_MINOR_VERSION='26'
MESOS_PATCH_VERSION='0'
MKDIR_P='/bin/mkdir -p'
MVN='/usr/bin/mvn'
NM='/usr/bin/nm -B'
NMEDIT=''
OBJDUMP='objdump'
OBJEXT='o'
OPTIMIZE_FALSE=''
OPTIMIZE_TRUE='#'
OS_LINUX_FALSE='#'
OS_LINUX_TRUE=''
OTOOL64=''
OTOOL=''
PACKAGE='mesos'
PACKAGE_BUGREPORT=''
PACKAGE_NAME='mesos'
PACKAGE_STRING='mesos 0.26.0'
PACKAGE_TARNAME='mesos'
PACKAGE_URL=''
PACKAGE_VERSION='0.26.0'
PATCHCOMMAND_TEST='patch'
PATH_SEPARATOR=':'
PROTOBUF_JAR='${MESOS_BUILD_DIR}/src/java/target/protobuf-java-2.5.0.jar'
PROTOCOMPILER=''
PROTOCOMPILER_TEST=''
PTHREAD_CC='gcc'
PTHREAD_CFLAGS='-pthread'
PTHREAD_LIBS=''
PYTHON='/usr/bin/python'
PYTHON_CFLAGS='-g1 -O0 -Wno-unused-local-typedefs -g1 -O0 -Wno-unused-local-typedefs -std=c++11'
PYTHON_CPPFLAGS='-I/usr/include/subversion-1 -I/usr/include/apr-1 -I/usr/include/apr-1.0 '
PYTHON_EGG_POSTFIX='-py2.7-linux-x86_64'
PYTHON_EGG_PUREPY_POSTFIX='-py2.7'
PYTHON_EXEC_PREFIX='${exec_prefix}'
PYTHON_EXTRA_LDFLAGS='-Xlinker -export-dynamic -Wl,-O1 -Wl,-Bsymbolic-functions'
PYTHON_EXTRA_LIBS='-lpthread -ldl  -lutil -lm'
PYTHON_LDFLAGS=' '
PYTHON_PLATFORM='linux2'
PYTHON_PREFIX='${prefix}'
PYTHON_SITE_PKG='/usr/lib/python2.7/dist-packages'
PYTHON_VERSION='2.7'
PYTHON_WHL_POSTFIX='-cp27-none-linux_x86_64'
PYTHON_WHL_PUREPY_POSTFIX='-py2-none-any'
RANLIB='ranlib'
SED='/bin/sed'
SET_MAKE=''
SHELL='/bin/bash'
STRIP='strip'
VERSION='0.26.0'
WITHOUT_PYTHON_DEPS_FALSE=''
WITHOUT_PYTHON_DEPS_TRUE='#'
WITH_BUNDLED_DISTRIBUTE_FALSE='#'
WITH_BUNDLED_DISTRIBUTE_TRUE=''
WITH_BUNDLED_GLOG_FALSE='#'
WITH_BUNDLED_GLOG_TRUE=''
WITH_BUNDLED_LEVELDB_FALSE='#'
WITH_BUNDLED_LEVELDB_TRUE=''
WITH_BUNDLED_PIP_FALSE='#'
WITH_BUNDLED_PIP_TRUE=''
WITH_BUNDLED_PROTOBUF_FALSE='#'
WITH_BUNDLED_PROTOBUF_TRUE=''
WITH_BUNDLED_WHEEL_FALSE='#'
WITH_BUNDLED_WHEEL_TRUE=''
WITH_BUNDLED_ZOOKEEPER_FALSE='#'
WITH_BUNDLED_ZOOKEEPER_TRUE=''
WITH_NETWORK_ISOLATOR_FALSE=''
WITH_NETWORK_ISOLATOR_TRUE='#'
ac_ct_AR='ar'
ac_ct_CC='gcc'
ac_ct_CXX='g++'
ac_ct_DUMPBIN=''
am__EXEEXT_FALSE=''
am__EXEEXT_TRUE='#'
am__fastdepCC_FALSE='#'
am__fastdepCC_TRUE=''
am__fastdepCXX_FALSE='#'
am__fastdepCXX_TRUE=''
am__include='include'
am__isrc=' -I$(srcdir)'
am__leading_dot='.'
am__nodep='_no'
am__quote=''
am__tar='$${TAR-tar} chof - "$$tardir"'
am__untar='$${TAR-tar} xf -'
ax_pthread_config=''
bindir='${exec_prefix}/bin'
build='x86_64-unknown-linux-gnu'
build_alias=''
build_cpu='x86_64'
build_os='linux-gnu'
build_vendor='unknown'
datadir='${datarootdir}'
datarootdir='${prefix}/share'
docdir='${datarootdir}/doc/${PACKAGE_TARNAME}'
dvidir='${docdir}'
exec_prefix='${prefix}'
host='x86_64-unknown-linux-gnu'
host_alias=''
host_cpu='x86_64'
host_os='linux-gnu'
host_vendor='unknown'
htmldir='${docdir}'
includedir='${prefix}/include'
infodir='${datarootdir}/info'
install_sh='${SHELL} /home/vagrant/mesos/install-sh'
libdir='${exec_prefix}/lib'
libexecdir='${exec_prefix}/libexec'
localedir='${datarootdir}/locale'
localstatedir='${prefix}/var'
mandir='${datarootdir}/man'
mkdir_p='$(MKDIR_P)'
oldincludedir='/usr/include'
pdfdir='${docdir}'
pkgpyexecdir='${pyexecdir}/mesos'
pkgpythondir='${pythondir}/mesos'
prefix='/usr/local'
program_transform_name='s,x,x,'
psdir='${docdir}'
pyexecdir='${exec_prefix}/lib/python2.7/site-packages'
pythondir='${prefix}/lib/python2.7/site-packages'
sbindir='${exec_prefix}/sbin'
sharedstatedir='${prefix}/com'
subdirs=' 3rdparty/libprocess'
sysconfdir='${prefix}/etc'
target='x86_64-unknown-linux-gnu'
target_alias=''
target_cpu='x86_64'
target_os='linux-gnu'
target_vendor='unknown'

## ----------- ##
## confdefs.h. ##
## ----------- ##

/* confdefs.h */
#define PACKAGE_NAME "mesos"
#define PACKAGE_TARNAME "mesos"
#define PACKAGE_VERSION "0.26.0"
#define PACKAGE_STRING "mesos 0.26.0"
#define PACKAGE_BUGREPORT ""
#define PACKAGE_URL ""
#define PACKAGE "mesos"
#define VERSION "0.26.0"
#define STDC_HEADERS 1
#define HAVE_SYS_TYPES_H 1
#define HAVE_SYS_STAT_H 1
#define HAVE_STDLIB_H 1
#define HAVE_STRING_H 1
#define HAVE_MEMORY_H 1
#define HAVE_STRINGS_H 1
#define HAVE_INTTYPES_H 1
#define HAVE_STDINT_H 1
#define HAVE_UNISTD_H 1
#define HAVE_DLFCN_H 1
#define LT_OBJDIR ".libs/"
#define HAVE_PTHREAD_PRIO_INHERIT 1
#define HAVE_PTHREAD 1
#define HAVE_LIBZ 1
#define HAVE_LIBCURL 1
#define HAVE_APR_POOLS_H 1
#define HAVE_LIBAPR_1 1
#define HAVE_SVN_VERSION_H 1
#define HAVE_LIBSVN_SUBR_1 1
#define HAVE_SVN_DELTA_H 1
#define HAVE_LIBSVN_DELTA_1 1
#define HAVE_LIBSASL2 1
#define MESOS_HAS_JAVA 1
#define HAVE_PYTHON "2.7"
#define MESOS_HAS_PYTHON 1

configure: exit 0

## ---------------------- ##
## Running config.status. ##
## ---------------------- ##

This file was extended by mesos config.status 0.26.0, which was
generated by GNU Autoconf 2.69.  Invocation command line was

  CONFIG_FILES    = 
  CONFIG_HEADERS  = 
  CONFIG_LINKS    = 
  CONFIG_COMMANDS = 
  $ ./config.status 

on vagrant-ubuntu-trusty-64

config.status:1197: creating Makefile
config.status:1197: creating mesos.pc
config.status:1197: creating src/Makefile
config.status:1197: creating 3rdparty/Makefile
config.status:1197: creating bin/mesos.sh
config.status:1197: creating bin/mesos-local.sh
config.status:1197: creating bin/mesos-master.sh
config.status:1197: creating bin/mesos-slave.sh
config.status:1197: creating bin/mesos-tests.sh
config.status:1197: creating bin/mesos-local-flags.sh
config.status:1197: creating bin/mesos-master-flags.sh
config.status:1197: creating bin/mesos-slave-flags.sh
config.status:1197: creating bin/mesos-tests-flags.sh
config.status:1197: creating bin/gdb-mesos-local.sh
config.status:1197: creating bin/gdb-mesos-master.sh
config.status:1197: creating bin/gdb-mesos-slave.sh
config.status:1197: creating bin/gdb-mesos-tests.sh
config.status:1197: creating bin/lldb-mesos-local.sh
config.status:1197: creating bin/lldb-mesos-master.sh
config.status:1197: creating bin/lldb-mesos-slave.sh
config.status:1197: creating bin/lldb-mesos-tests.sh
config.status:1197: creating bin/valgrind-mesos-local.sh
config.status:1197: creating bin/valgrind-mesos-slave.sh
config.status:1197: creating bin/valgrind-mesos-master.sh
config.status:1197: creating bin/valgrind-mesos-tests.sh
config.status:1197: creating src/deploy/mesos-daemon.sh
config.status:1197: creating src/deploy/mesos-start-cluster.sh
config.status:1197: creating src/deploy/mesos-start-masters.sh
config.status:1197: creating src/deploy/mesos-start-slaves.sh
config.status:1197: creating src/deploy/mesos-stop-cluster.sh
config.status:1197: creating src/deploy/mesos-stop-masters.sh
config.status:1197: creating src/deploy/mesos-stop-slaves.sh
config.status:1197: creating include/mesos/version.hpp
config.status:1197: creating src/java/generated/org/apache/mesos/MesosNativeLibrary.java
config.status:1197: creating mpi/mpiexec-mesos
config.status:1197: creating src/examples/java/test-exception-framework
config.status:1197: creating src/examples/java/test-executor
config.status:1197: creating src/examples/java/test-framework
config.status:1197: creating src/examples/java/test-multiple-executors-framework
config.status:1197: creating src/examples/java/test-log
config.status:1197: creating src/java/mesos.pom
config.status:1197: creating src/examples/python/test-executor
config.status:1197: creating src/examples/python/test-framework
config.status:1197: creating src/examples/python/test-containerizer
config.status:1197: creating src/python/setup.py
config.status:1197: creating src/python/cli/setup.py
config.status:1197: creating src/python/interface/setup.py
config.status:1197: creating src/python/native/ext_modules.py
config.status:1197: creating src/python/native/setup.py
config.status:1354: executing depfiles commands
config.status:1354: executing libtool commands
