This file contains any messages produced by compilers while
running configure, to aid debugging if configure makes a mistake.

It was created by libprocess configure 0.0.1, which was
generated by GNU Autoconf 2.69.  Invocation command line was

  $ ../../../3rdparty/libprocess/configure --disable-option-checking --prefix=/usr/local --enable-shared=no --with-pic --cache-file=/dev/null --srcdir=../../../3rdparty/libprocess --no-create --no-recursion

## --------- ##
## Platform. ##
## --------- ##

hostname = vagrant-ubuntu-trusty-64
uname -m = x86_64
uname -r = 3.13.11-ckt22
uname -s = Linux
uname -v = #1 SMP Sat Jul 25 16:04:44 UTC 2015

/usr/bin/uname -p = unknown
/bin/uname -X     = unknown

/bin/arch              = unknown
/usr/bin/arch -k       = unknown
/usr/convex/getsysinfo = unknown
/usr/bin/hostinfo      = unknown
/bin/machine           = unknown
/usr/bin/oslevel       = unknown
/bin/universe          = unknown

PATH: /usr/local/sbin
PATH: /usr/local/bin
PATH: /usr/sbin
PATH: /usr/bin
PATH: /sbin
PATH: /bin
PATH: /usr/games
PATH: /usr/local/games


## ----------- ##
## Core tests. ##
## ----------- ##

configure:2706: checking build system type
configure:2720: result: x86_64-unknown-linux-gnu
configure:2740: checking host system type
configure:2753: result: x86_64-unknown-linux-gnu
configure:2774: checking target system type
configure:2787: result: x86_64-unknown-linux-gnu
configure:2842: checking for a BSD-compatible install
configure:2910: result: /usr/bin/install -c
configure:2921: checking whether build environment is sane
configure:2976: result: yes
configure:3127: checking for a thread-safe mkdir -p
configure:3166: result: /bin/mkdir -p
configure:3173: checking for gawk
configure:3189: found /usr/bin/gawk
configure:3200: result: gawk
configure:3211: checking whether make sets $(MAKE)
configure:3233: result: yes
configure:3262: checking whether make supports nested variables
configure:3279: result: yes
configure:3405: checking whether to enable maintainer-specific portions of Makefiles
configure:3414: result: yes
configure:3441: checking for style of include used by make
configure:3469: result: GNU
configure:3540: checking for gcc
configure:3556: found /usr/bin/gcc
configure:3567: result: gcc
configure:3796: checking for C compiler version
configure:3805: gcc --version >&5
gcc (Ubuntu 4.8.4-2ubuntu1~14.04) 4.8.4
Copyright (C) 2013 Free Software Foundation, Inc.
This is free software; see the source for copying conditions.  There is NO
warranty; not even for MERCHANTABILITY or FITNESS FOR A PARTICULAR PURPOSE.

configure:3816: $? = 0
configure:3805: gcc -v >&5
Using built-in specs.
COLLECT_GCC=gcc
COLLECT_LTO_WRAPPER=/usr/lib/gcc/x86_64-linux-gnu/4.8/lto-wrapper
Target: x86_64-linux-gnu
Configured with: ../src/configure -v --with-pkgversion='Ubuntu 4.8.4-2ubuntu1~14.04' --with-bugurl=file:///usr/share/doc/gcc-4.8/README.Bugs --enable-languages=c,c++,java,go,d,fortran,objc,obj-c++ --prefix=/usr --program-suffix=-4.8 --enable-shared --enable-linker-build-id --libexecdir=/usr/lib --without-included-gettext --enable-threads=posix --with-gxx-include-dir=/usr/include/c++/4.8 --libdir=/usr/lib --enable-nls --with-sysroot=/ --enable-clocale=gnu --enable-libstdcxx-debug --enable-libstdcxx-time=yes --enable-gnu-unique-object --disable-libmudflap --enable-plugin --with-system-zlib --disable-browser-plugin --enable-java-awt=gtk --enable-gtk-cairo --with-java-home=/usr/lib/jvm/java-1.5.0-gcj-4.8-amd64/jre --enable-java-home --with-jvm-root-dir=/usr/lib/jvm/java-1.5.0-gcj-4.8-amd64 --with-jvm-jar-dir=/usr/lib/jvm-exports/java-1.5.0-gcj-4.8-amd64 --with-arch-directory=amd64 --with-ecj-jar=/usr/share/java/eclipse-ecj.jar --enable-objc-gc --enable-multiarch --disable-werror --with-arch-32=i686 --with-abi=m64 --with-multilib-list=m32,m64,mx32 --with-tune=generic --enable-checking=release --build=x86_64-linux-gnu --host=x86_64-linux-gnu --target=x86_64-linux-gnu
Thread model: posix
gcc version 4.8.4 (Ubuntu 4.8.4-2ubuntu1~14.04) 
configure:3816: $? = 0
configure:3805: gcc -V >&5
gcc: error: unrecognized command line option '-V'
gcc: fatal error: no input files
compilation terminated.
configure:3816: $? = 4
configure:3805: gcc -qversion >&5
gcc: error: unrecognized command line option '-qversion'
gcc: fatal error: no input files
compilation terminated.
configure:3816: $? = 4
configure:3836: checking whether the C compiler works
configure:3858: gcc    conftest.c  >&5
configure:3862: $? = 0
configure:3910: result: yes
configure:3913: checking for C compiler default output file name
configure:3915: result: a.out
configure:3921: checking for suffix of executables
configure:3928: gcc -o conftest    conftest.c  >&5
configure:3932: $? = 0
configure:3954: result: 
configure:3976: checking whether we are cross compiling
configure:3984: gcc -o conftest    conftest.c  >&5
configure:3988: $? = 0
configure:3995: ./conftest
configure:3999: $? = 0
configure:4014: result: no
configure:4019: checking for suffix of object files
configure:4041: gcc -c   conftest.c >&5
configure:4045: $? = 0
configure:4066: result: o
configure:4070: checking whether we are using the GNU C compiler
configure:4089: gcc -c   conftest.c >&5
configure:4089: $? = 0
configure:4098: result: yes
configure:4107: checking whether gcc accepts -g
configure:4127: gcc -c -g  conftest.c >&5
configure:4127: $? = 0
configure:4168: result: yes
configure:4185: checking for gcc option to accept ISO C89
configure:4248: gcc  -c -g -O2  conftest.c >&5
configure:4248: $? = 0
configure:4261: result: none needed
configure:4286: checking whether gcc understands -c and -o together
configure:4308: gcc -c conftest.c -o conftest2.o
configure:4311: $? = 0
configure:4308: gcc -c conftest.c -o conftest2.o
configure:4311: $? = 0
configure:4323: result: yes
configure:4342: checking dependency style of gcc
configure:4453: result: gcc3
configure:4518: checking for ar
configure:4534: found /usr/bin/ar
configure:4545: result: ar
configure:4571: checking the archiver (ar) interface
configure:4587: gcc -c -g -O2  conftest.c >&5
configure:4587: $? = 0
configure:4589: ar cru libconftest.a conftest.o >&5
configure:4592: $? = 0
configure:4620: result: ar
configure:4690: checking how to print strings
configure:4717: result: printf
configure:4738: checking for a sed that does not truncate output
configure:4802: result: /bin/sed
configure:4820: checking for grep that handles long lines and -e
configure:4878: result: /bin/grep
configure:4883: checking for egrep
configure:4945: result: /bin/grep -E
configure:4950: checking for fgrep
configure:5012: result: /bin/grep -F
configure:5047: checking for ld used by gcc
configure:5114: result: /usr/bin/ld
configure:5121: checking if the linker (/usr/bin/ld) is GNU ld
configure:5136: result: yes
configure:5148: checking for BSD- or MS-compatible name lister (nm)
configure:5197: result: /usr/bin/nm -B
configure:5327: checking the name lister (/usr/bin/nm -B) interface
configure:5334:  -c   conftest.cpp >&5
../../../3rdparty/libprocess/configure: line 5335: -c: command not found
configure:5337: /usr/bin/nm -B "conftest.o"
/usr/bin/nm: 'conftest.o': No such file
configure:5340: output
configure:5347: result: BSD nm
configure:5350: checking whether ln -s works
configure:5354: result: yes
configure:5362: checking the maximum length of command line arguments
configure:5493: result: 3458764513820540925
configure:5510: checking whether the shell understands some XSI constructs
configure:5520: result: yes
configure:5524: checking whether the shell understands "+="
configure:5530: result: yes
configure:5565: checking how to convert x86_64-unknown-linux-gnu file names to x86_64-unknown-linux-gnu format
configure:5605: result: func_convert_file_noop
configure:5612: checking how to convert x86_64-unknown-linux-gnu file names to toolchain format
configure:5632: result: func_convert_file_noop
configure:5639: checking for /usr/bin/ld option to reload object files
configure:5646: result: -r
configure:5720: checking for objdump
configure:5736: found /usr/bin/objdump
configure:5747: result: objdump
configure:5779: checking how to recognize dependent libraries
configure:5977: result: pass_all
configure:6062: checking for dlltool
configure:6092: result: no
configure:6122: checking how to associate runtime and link libraries
configure:6149: result: printf %s\n
configure:6218: checking for g++
configure:6234: found /usr/bin/g++
configure:6245: result: g++
configure:6272: checking for C++ compiler version
configure:6281: g++ --version >&5
g++ (Ubuntu 4.8.4-2ubuntu1~14.04) 4.8.4
Copyright (C) 2013 Free Software Foundation, Inc.
This is free software; see the source for copying conditions.  There is NO
warranty; not even for MERCHANTABILITY or FITNESS FOR A PARTICULAR PURPOSE.

configure:6292: $? = 0
configure:6281: g++ -v >&5
Using built-in specs.
COLLECT_GCC=g++
COLLECT_LTO_WRAPPER=/usr/lib/gcc/x86_64-linux-gnu/4.8/lto-wrapper
Target: x86_64-linux-gnu
Configured with: ../src/configure -v --with-pkgversion='Ubuntu 4.8.4-2ubuntu1~14.04' --with-bugurl=file:///usr/share/doc/gcc-4.8/README.Bugs --enable-languages=c,c++,java,go,d,fortran,objc,obj-c++ --prefix=/usr --program-suffix=-4.8 --enable-shared --enable-linker-build-id --libexecdir=/usr/lib --without-included-gettext --enable-threads=posix --with-gxx-include-dir=/usr/include/c++/4.8 --libdir=/usr/lib --enable-nls --with-sysroot=/ --enable-clocale=gnu --enable-libstdcxx-debug --enable-libstdcxx-time=yes --enable-gnu-unique-object --disable-libmudflap --enable-plugin --with-system-zlib --disable-browser-plugin --enable-java-awt=gtk --enable-gtk-cairo --with-java-home=/usr/lib/jvm/java-1.5.0-gcj-4.8-amd64/jre --enable-java-home --with-jvm-root-dir=/usr/lib/jvm/java-1.5.0-gcj-4.8-amd64 --with-jvm-jar-dir=/usr/lib/jvm-exports/java-1.5.0-gcj-4.8-amd64 --with-arch-directory=amd64 --with-ecj-jar=/usr/share/java/eclipse-ecj.jar --enable-objc-gc --enable-multiarch --disable-werror --with-arch-32=i686 --with-abi=m64 --with-multilib-list=m32,m64,mx32 --with-tune=generic --enable-checking=release --build=x86_64-linux-gnu --host=x86_64-linux-gnu --target=x86_64-linux-gnu
Thread model: posix
gcc version 4.8.4 (Ubuntu 4.8.4-2ubuntu1~14.04) 
configure:6292: $? = 0
configure:6281: g++ -V >&5
g++: error: unrecognized command line option '-V'
g++: fatal error: no input files
compilation terminated.
configure:6292: $? = 4
configure:6281: g++ -qversion >&5
g++: error: unrecognized command line option '-qversion'
g++: fatal error: no input files
compilation terminated.
configure:6292: $? = 4
configure:6296: checking whether we are using the GNU C++ compiler
configure:6315: g++ -c   conftest.cpp >&5
configure:6315: $? = 0
configure:6324: result: yes
configure:6333: checking whether g++ accepts -g
configure:6353: g++ -c -g  conftest.cpp >&5
configure:6353: $? = 0
configure:6394: result: yes
configure:6419: checking dependency style of g++
configure:6530: result: gcc3
configure:6659: checking for archiver @FILE support
configure:6676: g++ -c -g -O2  conftest.cpp >&5
configure:6676: $? = 0
configure:6679: ar cru libconftest.a @conftest.lst >&5
configure:6682: $? = 0
configure:6687: ar cru libconftest.a @conftest.lst >&5
ar: conftest.o: No such file or directory
configure:6690: $? = 1
configure:6702: result: @
configure:6760: checking for strip
configure:6776: found /usr/bin/strip
configure:6787: result: strip
configure:6859: checking for ranlib
configure:6875: found /usr/bin/ranlib
configure:6886: result: ranlib
configure:6988: checking command to parse /usr/bin/nm -B output from gcc object
configure:7108: g++ -c -g -O2  conftest.cpp >&5
configure:7111: $? = 0
configure:7115: /usr/bin/nm -B conftest.o \| sed -n -e 's/^.*[ ]\([ABCDGIRSTW][ABCDGIRSTW]*\)[ ][ ]*\([_A-Za-z][_A-Za-z0-9]*\)$/\1 \2 \2/p' | sed '/ __gnu_lto/d' \> conftest.nm
configure:7118: $? = 0
configure:7184: g++ -o conftest -g -O2   conftest.cpp conftstm.o >&5
configure:7187: $? = 0
configure:7225: result: ok
configure:7262: checking for sysroot
configure:7292: result: no
configure:7369: g++ -c -g -O2  conftest.cpp >&5
configure:7372: $? = 0
configure:7561: checking for mt
configure:7577: found /bin/mt
configure:7588: result: mt
configure:7611: checking if mt is a manifest tool
configure:7617: mt '-?'
configure:7625: result: no
configure:8267: checking how to run the C preprocessor
configure:8298: gcc -E  conftest.c
configure:8298: $? = 0
configure:8312: gcc -E  conftest.c
conftest.c:11:28: fatal error: ac_nonexistent.h: No such file or directory
 #include <ac_nonexistent.h>
                            ^
compilation terminated.
configure:8312: $? = 1
configure: failed program was:
| /* confdefs.h */
| #define PACKAGE_NAME "libprocess"
| #define PACKAGE_TARNAME "libprocess"
| #define PACKAGE_VERSION "0.0.1"
| #define PACKAGE_STRING "libprocess 0.0.1"
| #define PACKAGE_BUGREPORT ""
| #define PACKAGE_URL ""
| #define PACKAGE "libprocess"
| #define VERSION "0.0.1"
| /* end confdefs.h.  */
| #include <ac_nonexistent.h>
configure:8337: result: gcc -E
configure:8357: gcc -E  conftest.c
configure:8357: $? = 0
configure:8371: gcc -E  conftest.c
conftest.c:11:28: fatal error: ac_nonexistent.h: No such file or directory
 #include <ac_nonexistent.h>
                            ^
compilation terminated.
configure:8371: $? = 1
configure: failed program was:
| /* confdefs.h */
| #define PACKAGE_NAME "libprocess"
| #define PACKAGE_TARNAME "libprocess"
| #define PACKAGE_VERSION "0.0.1"
| #define PACKAGE_STRING "libprocess 0.0.1"
| #define PACKAGE_BUGREPORT ""
| #define PACKAGE_URL ""
| #define PACKAGE "libprocess"
| #define VERSION "0.0.1"
| /* end confdefs.h.  */
| #include <ac_nonexistent.h>
configure:8400: checking for ANSI C header files
configure:8420: gcc -c -g -O2  conftest.c >&5
configure:8420: $? = 0
configure:8493: gcc -o conftest -g -O2   conftest.c  >&5
configure:8493: $? = 0
configure:8493: ./conftest
configure:8493: $? = 0
configure:8504: result: yes
configure:8517: checking for sys/types.h
configure:8517: gcc -c -g -O2  conftest.c >&5
configure:8517: $? = 0
configure:8517: result: yes
configure:8517: checking for sys/stat.h
configure:8517: gcc -c -g -O2  conftest.c >&5
configure:8517: $? = 0
configure:8517: result: yes
configure:8517: checking for stdlib.h
configure:8517: gcc -c -g -O2  conftest.c >&5
configure:8517: $? = 0
configure:8517: result: yes
configure:8517: checking for string.h
configure:8517: gcc -c -g -O2  conftest.c >&5
configure:8517: $? = 0
configure:8517: result: yes
configure:8517: checking for memory.h
configure:8517: gcc -c -g -O2  conftest.c >&5
configure:8517: $? = 0
configure:8517: result: yes
configure:8517: checking for strings.h
configure:8517: gcc -c -g -O2  conftest.c >&5
configure:8517: $? = 0
configure:8517: result: yes
configure:8517: checking for inttypes.h
configure:8517: gcc -c -g -O2  conftest.c >&5
configure:8517: $? = 0
configure:8517: result: yes
configure:8517: checking for stdint.h
configure:8517: gcc -c -g -O2  conftest.c >&5
configure:8517: $? = 0
configure:8517: result: yes
configure:8517: checking for unistd.h
configure:8517: gcc -c -g -O2  conftest.c >&5
configure:8517: $? = 0
configure:8517: result: yes
configure:8531: checking for dlfcn.h
configure:8531: gcc -c -g -O2  conftest.c >&5
configure:8531: $? = 0
configure:8531: result: yes
configure:8747: checking for objdir
configure:8762: result: .libs
configure:9033: checking if gcc supports -fno-rtti -fno-exceptions
configure:9051: gcc -c -g -O2  -fno-rtti -fno-exceptions conftest.c >&5
cc1: warning: command line option '-fno-rtti' is valid for C++/ObjC++ but not for C [enabled by default]
configure:9055: $? = 0
configure:9068: result: no
configure:9395: checking for gcc option to produce PIC
configure:9402: result: -fPIC -DPIC
configure:9410: checking if gcc PIC flag -fPIC -DPIC works
configure:9428: gcc -c -g -O2  -fPIC -DPIC -DPIC conftest.c >&5
configure:9432: $? = 0
configure:9445: result: yes
configure:9474: checking if gcc static flag -static works
configure:9502: result: yes
configure:9517: checking if gcc supports -c -o file.o
configure:9538: gcc -c -g -O2  -o out/conftest2.o conftest.c >&5
configure:9542: $? = 0
configure:9564: result: yes
configure:9572: checking if gcc supports -c -o file.o
configure:9619: result: yes
configure:9652: checking whether the gcc linker (/usr/bin/ld -m elf_x86_64) supports shared libraries
configure:10809: result: yes
configure:11049: checking dynamic linker characteristics
configure:11549: gcc -o conftest -g -O2   -Wl,-rpath -Wl,/foo conftest.c  >&5
configure:11549: $? = 0
configure:11783: result: GNU/Linux ld.so
configure:11890: checking how to hardcode library paths into programs
configure:11915: result: immediate
configure:12455: checking whether stripping libraries is possible
configure:12460: result: yes
configure:12495: checking if libtool supports shared libraries
configure:12497: result: yes
configure:12500: checking whether to build shared libraries
configure:12521: result: no
configure:12524: checking whether to build static libraries
configure:12528: result: yes
configure:12551: checking how to run the C++ preprocessor
configure:12578: g++ -E  conftest.cpp
configure:12578: $? = 0
configure:12592: g++ -E  conftest.cpp
conftest.cpp:23:28: fatal error: ac_nonexistent.h: No such file or directory
 #include <ac_nonexistent.h>
                            ^
compilation terminated.
configure:12592: $? = 1
configure: failed program was:
| /* confdefs.h */
| #define PACKAGE_NAME "libprocess"
| #define PACKAGE_TARNAME "libprocess"
| #define PACKAGE_VERSION "0.0.1"
| #define PACKAGE_STRING "libprocess 0.0.1"
| #define PACKAGE_BUGREPORT ""
| #define PACKAGE_URL ""
| #define PACKAGE "libprocess"
| #define VERSION "0.0.1"
| #define STDC_HEADERS 1
| #define HAVE_SYS_TYPES_H 1
| #define HAVE_SYS_STAT_H 1
| #define HAVE_STDLIB_H 1
| #define HAVE_STRING_H 1
| #define HAVE_MEMORY_H 1
| #define HAVE_STRINGS_H 1
| #define HAVE_INTTYPES_H 1
| #define HAVE_STDINT_H 1
| #define HAVE_UNISTD_H 1
| #define HAVE_DLFCN_H 1
| #define LT_OBJDIR ".libs/"
| /* end confdefs.h.  */
| #include <ac_nonexistent.h>
configure:12617: result: g++ -E
configure:12637: g++ -E  conftest.cpp
configure:12637: $? = 0
configure:12651: g++ -E  conftest.cpp
conftest.cpp:23:28: fatal error: ac_nonexistent.h: No such file or directory
 #include <ac_nonexistent.h>
                            ^
compilation terminated.
configure:12651: $? = 1
configure: failed program was:
| /* confdefs.h */
| #define PACKAGE_NAME "libprocess"
| #define PACKAGE_TARNAME "libprocess"
| #define PACKAGE_VERSION "0.0.1"
| #define PACKAGE_STRING "libprocess 0.0.1"
| #define PACKAGE_BUGREPORT ""
| #define PACKAGE_URL ""
| #define PACKAGE "libprocess"
| #define VERSION "0.0.1"
| #define STDC_HEADERS 1
| #define HAVE_SYS_TYPES_H 1
| #define HAVE_SYS_STAT_H 1
| #define HAVE_STDLIB_H 1
| #define HAVE_STRING_H 1
| #define HAVE_MEMORY_H 1
| #define HAVE_STRINGS_H 1
| #define HAVE_INTTYPES_H 1
| #define HAVE_STDINT_H 1
| #define HAVE_UNISTD_H 1
| #define HAVE_DLFCN_H 1
| #define LT_OBJDIR ".libs/"
| /* end confdefs.h.  */
| #include <ac_nonexistent.h>
configure:12820: checking for ld used by g++
configure:12887: result: /usr/bin/ld -m elf_x86_64
configure:12894: checking if the linker (/usr/bin/ld -m elf_x86_64) is GNU ld
configure:12909: result: yes
configure:12964: checking whether the g++ linker (/usr/bin/ld -m elf_x86_64) supports shared libraries
configure:13966: result: yes
configure:14002: g++ -c -g -O2  conftest.cpp >&5
configure:14005: $? = 0
configure:14525: checking for g++ option to produce PIC
configure:14532: result: -fPIC -DPIC
configure:14540: checking if g++ PIC flag -fPIC -DPIC works
configure:14558: g++ -c -g -O2  -fPIC -DPIC -DPIC conftest.cpp >&5
configure:14562: $? = 0
configure:14575: result: yes
configure:14598: checking if g++ static flag -static works
configure:14626: result: yes
configure:14638: checking if g++ supports -c -o file.o
configure:14659: g++ -c -g -O2  -o out/conftest2.o conftest.cpp >&5
configure:14663: $? = 0
configure:14685: result: yes
configure:14690: checking if g++ supports -c -o file.o
configure:14737: result: yes
configure:14767: checking whether the g++ linker (/usr/bin/ld -m elf_x86_64) supports shared libraries
configure:14806: result: yes
configure:14947: checking dynamic linker characteristics
configure:15615: result: GNU/Linux ld.so
configure:15668: checking how to hardcode library paths into programs
configure:15693: result: immediate
configure:15756: creating ./config.lt

## ------------------ ##
## Running config.lt. ##
## ------------------ ##
config.lt:681: creating libtool
configure:17622: checking apr_pools.h usability
configure:17622: g++ -c -g -O2 -I/usr/include/apr-1 -I/usr/include/apr-1.0  conftest.cpp >&5
configure:17622: $? = 0
configure:17622: result: yes
configure:17622: checking apr_pools.h presence
configure:17622: g++ -E -I/usr/include/apr-1 -I/usr/include/apr-1.0  conftest.cpp
configure:17622: $? = 0
configure:17622: result: yes
configure:17622: checking for apr_pools.h
configure:17622: result: yes
configure:17627: checking for apr_initialize in -lapr-1
configure:17652: g++ -o conftest -g -O2 -I/usr/include/apr-1 -I/usr/include/apr-1.0   conftest.cpp -lapr-1   -lrt >&5
configure:17652: $? = 0
configure:17661: result: yes
configure:17710: checking svn_version.h usability
configure:17710: g++ -c -g -O2 -I/usr/include/subversion-1 -I/usr/include/apr-1 -I/usr/include/apr-1.0  conftest.cpp >&5
configure:17710: $? = 0
configure:17710: result: yes
configure:17710: checking svn_version.h presence
configure:17710: g++ -E -I/usr/include/subversion-1 -I/usr/include/apr-1 -I/usr/include/apr-1.0  conftest.cpp
configure:17710: $? = 0
configure:17710: result: yes
configure:17710: checking for svn_version.h
configure:17710: result: yes
configure:17715: checking for svn_stringbuf_create_ensure in -lsvn_subr-1
configure:17740: g++ -o conftest -g -O2 -I/usr/include/subversion-1 -I/usr/include/apr-1 -I/usr/include/apr-1.0   conftest.cpp -lsvn_subr-1  -lapr-1  -lrt >&5
configure:17740: $? = 0
configure:17749: result: yes
configure:17779: checking svn_delta.h usability
configure:17779: g++ -c -g -O2 -I/usr/include/subversion-1 -I/usr/include/apr-1 -I/usr/include/apr-1.0  conftest.cpp >&5
configure:17779: $? = 0
configure:17779: result: yes
configure:17779: checking svn_delta.h presence
configure:17779: g++ -E -I/usr/include/subversion-1 -I/usr/include/apr-1 -I/usr/include/apr-1.0  conftest.cpp
configure:17779: $? = 0
configure:17779: result: yes
configure:17779: checking for svn_delta.h
configure:17779: result: yes
configure:17784: checking for svn_txdelta in -lsvn_delta-1
configure:17809: g++ -o conftest -g -O2 -I/usr/include/subversion-1 -I/usr/include/apr-1 -I/usr/include/apr-1.0   conftest.cpp -lsvn_delta-1  -lsvn_subr-1 -lapr-1  -lrt >&5
configure:17809: $? = 0
configure:17818: result: yes
configure:18115: checking for curl_global_init in -lcurl
configure:18140: g++ -o conftest -g -O2 -I/usr/include/subversion-1 -I/usr/include/apr-1 -I/usr/include/apr-1.0   conftest.cpp -lcurl  -lsvn_delta-1 -lsvn_subr-1 -lapr-1  -lrt >&5
configure:18140: $? = 0
configure:18149: result: yes
configure:18623: checking for C++ compiler version
configure:18632: g++ --version >&5
g++ (Ubuntu 4.8.4-2ubuntu1~14.04) 4.8.4
Copyright (C) 2013 Free Software Foundation, Inc.
This is free software; see the source for copying conditions.  There is NO
warranty; not even for MERCHANTABILITY or FITNESS FOR A PARTICULAR PURPOSE.

configure:18643: $? = 0
configure:18632: g++ -v >&5
Using built-in specs.
COLLECT_GCC=g++
COLLECT_LTO_WRAPPER=/usr/lib/gcc/x86_64-linux-gnu/4.8/lto-wrapper
Target: x86_64-linux-gnu
Configured with: ../src/configure -v --with-pkgversion='Ubuntu 4.8.4-2ubuntu1~14.04' --with-bugurl=file:///usr/share/doc/gcc-4.8/README.Bugs --enable-languages=c,c++,java,go,d,fortran,objc,obj-c++ --prefix=/usr --program-suffix=-4.8 --enable-shared --enable-linker-build-id --libexecdir=/usr/lib --without-included-gettext --enable-threads=posix --with-gxx-include-dir=/usr/include/c++/4.8 --libdir=/usr/lib --enable-nls --with-sysroot=/ --enable-clocale=gnu --enable-libstdcxx-debug --enable-libstdcxx-time=yes --enable-gnu-unique-object --disable-libmudflap --enable-plugin --with-system-zlib --disable-browser-plugin --enable-java-awt=gtk --enable-gtk-cairo --with-java-home=/usr/lib/jvm/java-1.5.0-gcj-4.8-amd64/jre --enable-java-home --with-jvm-root-dir=/usr/lib/jvm/java-1.5.0-gcj-4.8-amd64 --with-jvm-jar-dir=/usr/lib/jvm-exports/java-1.5.0-gcj-4.8-amd64 --with-arch-directory=amd64 --with-ecj-jar=/usr/share/java/eclipse-ecj.jar --enable-objc-gc --enable-multiarch --disable-werror --with-arch-32=i686 --with-abi=m64 --with-multilib-list=m32,m64,mx32 --with-tune=generic --enable-checking=release --build=x86_64-linux-gnu --host=x86_64-linux-gnu --target=x86_64-linux-gnu
Thread model: posix
gcc version 4.8.4 (Ubuntu 4.8.4-2ubuntu1~14.04) 
configure:18643: $? = 0
configure:18632: g++ -V >&5
g++: error: unrecognized command line option '-V'
g++: fatal error: no input files
compilation terminated.
configure:18643: $? = 4
configure:18632: g++ -qversion >&5
g++: error: unrecognized command line option '-qversion'
g++: fatal error: no input files
compilation terminated.
configure:18643: $? = 4
configure:18647: checking whether we are using the GNU C++ compiler
configure:18675: result: yes
configure:18684: checking whether g++ accepts -g
configure:18745: result: yes
configure:18770: checking dependency style of g++
configure:18881: result: gcc3
configure:19008: checking for C compiler version
configure:19017: gcc --version >&5
gcc (Ubuntu 4.8.4-2ubuntu1~14.04) 4.8.4
Copyright (C) 2013 Free Software Foundation, Inc.
This is free software; see the source for copying conditions.  There is NO
warranty; not even for MERCHANTABILITY or FITNESS FOR A PARTICULAR PURPOSE.

configure:19028: $? = 0
configure:19017: gcc -v >&5
Using built-in specs.
COLLECT_GCC=gcc
COLLECT_LTO_WRAPPER=/usr/lib/gcc/x86_64-linux-gnu/4.8/lto-wrapper
Target: x86_64-linux-gnu
Configured with: ../src/configure -v --with-pkgversion='Ubuntu 4.8.4-2ubuntu1~14.04' --with-bugurl=file:///usr/share/doc/gcc-4.8/README.Bugs --enable-languages=c,c++,java,go,d,fortran,objc,obj-c++ --prefix=/usr --program-suffix=-4.8 --enable-shared --enable-linker-build-id --libexecdir=/usr/lib --without-included-gettext --enable-threads=posix --with-gxx-include-dir=/usr/include/c++/4.8 --libdir=/usr/lib --enable-nls --with-sysroot=/ --enable-clocale=gnu --enable-libstdcxx-debug --enable-libstdcxx-time=yes --enable-gnu-unique-object --disable-libmudflap --enable-plugin --with-system-zlib --disable-browser-plugin --enable-java-awt=gtk --enable-gtk-cairo --with-java-home=/usr/lib/jvm/java-1.5.0-gcj-4.8-amd64/jre --enable-java-home --with-jvm-root-dir=/usr/lib/jvm/java-1.5.0-gcj-4.8-amd64 --with-jvm-jar-dir=/usr/lib/jvm-exports/java-1.5.0-gcj-4.8-amd64 --with-arch-directory=amd64 --with-ecj-jar=/usr/share/java/eclipse-ecj.jar --enable-objc-gc --enable-multiarch --disable-werror --with-arch-32=i686 --with-abi=m64 --with-multilib-list=m32,m64,mx32 --with-tune=generic --enable-checking=release --build=x86_64-linux-gnu --host=x86_64-linux-gnu --target=x86_64-linux-gnu
Thread model: posix
gcc version 4.8.4 (Ubuntu 4.8.4-2ubuntu1~14.04) 
configure:19028: $? = 0
configure:19017: gcc -V >&5
gcc: error: unrecognized command line option '-V'
gcc: fatal error: no input files
compilation terminated.
configure:19028: $? = 4
configure:19017: gcc -qversion >&5
gcc: error: unrecognized command line option '-qversion'
gcc: fatal error: no input files
compilation terminated.
configure:19028: $? = 4
configure:19032: checking whether we are using the GNU C compiler
configure:19060: result: yes
configure:19069: checking whether gcc accepts -g
configure:19130: result: yes
configure:19147: checking for gcc option to accept ISO C89
configure:19223: result: none needed
configure:19248: checking whether gcc understands -c and -o together
configure:19285: result: yes
configure:19304: checking dependency style of gcc
configure:19415: result: gcc3
configure:19431: checking for C++ compiler vendor
configure:19478: g++ -c -g -O2 -I/usr/include/subversion-1 -I/usr/include/apr-1 -I/usr/include/apr-1.0  conftest.cpp >&5
conftest.cpp: In function 'int main()':
conftest.cpp:36:9: error: 'thisisanerror' was not declared in this scope
         thisisanerror;
         ^
configure:19478: $? = 1
configure: failed program was:
| /* confdefs.h */
| #define PACKAGE_NAME "libprocess"
| #define PACKAGE_TARNAME "libprocess"
| #define PACKAGE_VERSION "0.0.1"
| #define PACKAGE_STRING "libprocess 0.0.1"
| #define PACKAGE_BUGREPORT ""
| #define PACKAGE_URL ""
| #define PACKAGE "libprocess"
| #define VERSION "0.0.1"
| #define STDC_HEADERS 1
| #define HAVE_SYS_TYPES_H 1
| #define HAVE_SYS_STAT_H 1
| #define HAVE_STDLIB_H 1
| #define HAVE_STRING_H 1
| #define HAVE_MEMORY_H 1
| #define HAVE_STRINGS_H 1
| #define HAVE_INTTYPES_H 1
| #define HAVE_STDINT_H 1
| #define HAVE_UNISTD_H 1
| #define HAVE_DLFCN_H 1
| #define LT_OBJDIR ".libs/"
| #define HAVE_APR_POOLS_H 1
| #define HAVE_LIBAPR_1 1
| #define HAVE_SVN_VERSION_H 1
| #define HAVE_LIBSVN_SUBR_1 1
| #define HAVE_SVN_DELTA_H 1
| #define HAVE_LIBSVN_DELTA_1 1
| #define HAVE_LIBCURL 1
| /* end confdefs.h.  */
| 
| int
| main ()
| {
| 
|       #if !(defined(__ICC) || defined(__ECC) || defined(__INTEL_COMPILER))
|         thisisanerror;
|       #endif
| 
|   ;
|   return 0;
| }
configure:19478: g++ -c -g -O2 -I/usr/include/subversion-1 -I/usr/include/apr-1 -I/usr/include/apr-1.0  conftest.cpp >&5
conftest.cpp: In function 'int main()':
conftest.cpp:36:9: error: 'thisisanerror' was not declared in this scope
         thisisanerror;
         ^
configure:19478: $? = 1
configure: failed program was:
| /* confdefs.h */
| #define PACKAGE_NAME "libprocess"
| #define PACKAGE_TARNAME "libprocess"
| #define PACKAGE_VERSION "0.0.1"
| #define PACKAGE_STRING "libprocess 0.0.1"
| #define PACKAGE_BUGREPORT ""
| #define PACKAGE_URL ""
| #define PACKAGE "libprocess"
| #define VERSION "0.0.1"
| #define STDC_HEADERS 1
| #define HAVE_SYS_TYPES_H 1
| #define HAVE_SYS_STAT_H 1
| #define HAVE_STDLIB_H 1
| #define HAVE_STRING_H 1
| #define HAVE_MEMORY_H 1
| #define HAVE_STRINGS_H 1
| #define HAVE_INTTYPES_H 1
| #define HAVE_STDINT_H 1
| #define HAVE_UNISTD_H 1
| #define HAVE_DLFCN_H 1
| #define LT_OBJDIR ".libs/"
| #define HAVE_APR_POOLS_H 1
| #define HAVE_LIBAPR_1 1
| #define HAVE_SVN_VERSION_H 1
| #define HAVE_LIBSVN_SUBR_1 1
| #define HAVE_SVN_DELTA_H 1
| #define HAVE_LIBSVN_DELTA_1 1
| #define HAVE_LIBCURL 1
| /* end confdefs.h.  */
| 
| int
| main ()
| {
| 
|       #if !(defined(__xlc__) || defined(__xlC__) || defined(__IBMC__) || defined(__IBMCPP__))
|         thisisanerror;
|       #endif
| 
|   ;
|   return 0;
| }
configure:19478: g++ -c -g -O2 -I/usr/include/subversion-1 -I/usr/include/apr-1 -I/usr/include/apr-1.0  conftest.cpp >&5
conftest.cpp: In function 'int main()':
conftest.cpp:36:9: error: 'thisisanerror' was not declared in this scope
         thisisanerror;
         ^
configure:19478: $? = 1
configure: failed program was:
| /* confdefs.h */
| #define PACKAGE_NAME "libprocess"
| #define PACKAGE_TARNAME "libprocess"
| #define PACKAGE_VERSION "0.0.1"
| #define PACKAGE_STRING "libprocess 0.0.1"
| #define PACKAGE_BUGREPORT ""
| #define PACKAGE_URL ""
| #define PACKAGE "libprocess"
| #define VERSION "0.0.1"
| #define STDC_HEADERS 1
| #define HAVE_SYS_TYPES_H 1
| #define HAVE_SYS_STAT_H 1
| #define HAVE_STDLIB_H 1
| #define HAVE_STRING_H 1
| #define HAVE_MEMORY_H 1
| #define HAVE_STRINGS_H 1
| #define HAVE_INTTYPES_H 1
| #define HAVE_STDINT_H 1
| #define HAVE_UNISTD_H 1
| #define HAVE_DLFCN_H 1
| #define LT_OBJDIR ".libs/"
| #define HAVE_APR_POOLS_H 1
| #define HAVE_LIBAPR_1 1
| #define HAVE_SVN_VERSION_H 1
| #define HAVE_LIBSVN_SUBR_1 1
| #define HAVE_SVN_DELTA_H 1
| #define HAVE_LIBSVN_DELTA_1 1
| #define HAVE_LIBCURL 1
| /* end confdefs.h.  */
| 
| int
| main ()
| {
| 
|       #if !(defined(__PATHCC__) || defined(__PATHSCALE__))
|         thisisanerror;
|       #endif
| 
|   ;
|   return 0;
| }
configure:19478: g++ -c -g -O2 -I/usr/include/subversion-1 -I/usr/include/apr-1 -I/usr/include/apr-1.0  conftest.cpp >&5
conftest.cpp: In function 'int main()':
conftest.cpp:36:9: error: 'thisisanerror' was not declared in this scope
         thisisanerror;
         ^
configure:19478: $? = 1
configure: failed program was:
| /* confdefs.h */
| #define PACKAGE_NAME "libprocess"
| #define PACKAGE_TARNAME "libprocess"
| #define PACKAGE_VERSION "0.0.1"
| #define PACKAGE_STRING "libprocess 0.0.1"
| #define PACKAGE_BUGREPORT ""
| #define PACKAGE_URL ""
| #define PACKAGE "libprocess"
| #define VERSION "0.0.1"
| #define STDC_HEADERS 1
| #define HAVE_SYS_TYPES_H 1
| #define HAVE_SYS_STAT_H 1
| #define HAVE_STDLIB_H 1
| #define HAVE_STRING_H 1
| #define HAVE_MEMORY_H 1
| #define HAVE_STRINGS_H 1
| #define HAVE_INTTYPES_H 1
| #define HAVE_STDINT_H 1
| #define HAVE_UNISTD_H 1
| #define HAVE_DLFCN_H 1
| #define LT_OBJDIR ".libs/"
| #define HAVE_APR_POOLS_H 1
| #define HAVE_LIBAPR_1 1
| #define HAVE_SVN_VERSION_H 1
| #define HAVE_LIBSVN_SUBR_1 1
| #define HAVE_SVN_DELTA_H 1
| #define HAVE_LIBSVN_DELTA_1 1
| #define HAVE_LIBCURL 1
| /* end confdefs.h.  */
| 
| int
| main ()
| {
| 
|       #if !(defined(__clang__))
|         thisisanerror;
|       #endif
| 
|   ;
|   return 0;
| }
configure:19478: g++ -c -g -O2 -I/usr/include/subversion-1 -I/usr/include/apr-1 -I/usr/include/apr-1.0  conftest.cpp >&5
conftest.cpp: In function 'int main()':
conftest.cpp:36:9: error: 'thisisanerror' was not declared in this scope
         thisisanerror;
         ^
configure:19478: $? = 1
configure: failed program was:
| /* confdefs.h */
| #define PACKAGE_NAME "libprocess"
| #define PACKAGE_TARNAME "libprocess"
| #define PACKAGE_VERSION "0.0.1"
| #define PACKAGE_STRING "libprocess 0.0.1"
| #define PACKAGE_BUGREPORT ""
| #define PACKAGE_URL ""
| #define PACKAGE "libprocess"
| #define VERSION "0.0.1"
| #define STDC_HEADERS 1
| #define HAVE_SYS_TYPES_H 1
| #define HAVE_SYS_STAT_H 1
| #define HAVE_STDLIB_H 1
| #define HAVE_STRING_H 1
| #define HAVE_MEMORY_H 1
| #define HAVE_STRINGS_H 1
| #define HAVE_INTTYPES_H 1
| #define HAVE_STDINT_H 1
| #define HAVE_UNISTD_H 1
| #define HAVE_DLFCN_H 1
| #define LT_OBJDIR ".libs/"
| #define HAVE_APR_POOLS_H 1
| #define HAVE_LIBAPR_1 1
| #define HAVE_SVN_VERSION_H 1
| #define HAVE_LIBSVN_SUBR_1 1
| #define HAVE_SVN_DELTA_H 1
| #define HAVE_LIBSVN_DELTA_1 1
| #define HAVE_LIBCURL 1
| /* end confdefs.h.  */
| 
| int
| main ()
| {
| 
|       #if !(defined(_CRAYC))
|         thisisanerror;
|       #endif
| 
|   ;
|   return 0;
| }
configure:19478: g++ -c -g -O2 -I/usr/include/subversion-1 -I/usr/include/apr-1 -I/usr/include/apr-1.0  conftest.cpp >&5
conftest.cpp: In function 'int main()':
conftest.cpp:36:9: error: 'thisisanerror' was not declared in this scope
         thisisanerror;
         ^
configure:19478: $? = 1
configure: failed program was:
| /* confdefs.h */
| #define PACKAGE_NAME "libprocess"
| #define PACKAGE_TARNAME "libprocess"
| #define PACKAGE_VERSION "0.0.1"
| #define PACKAGE_STRING "libprocess 0.0.1"
| #define PACKAGE_BUGREPORT ""
| #define PACKAGE_URL ""
| #define PACKAGE "libprocess"
| #define VERSION "0.0.1"
| #define STDC_HEADERS 1
| #define HAVE_SYS_TYPES_H 1
| #define HAVE_SYS_STAT_H 1
| #define HAVE_STDLIB_H 1
| #define HAVE_STRING_H 1
| #define HAVE_MEMORY_H 1
| #define HAVE_STRINGS_H 1
| #define HAVE_INTTYPES_H 1
| #define HAVE_STDINT_H 1
| #define HAVE_UNISTD_H 1
| #define HAVE_DLFCN_H 1
| #define LT_OBJDIR ".libs/"
| #define HAVE_APR_POOLS_H 1
| #define HAVE_LIBAPR_1 1
| #define HAVE_SVN_VERSION_H 1
| #define HAVE_LIBSVN_SUBR_1 1
| #define HAVE_SVN_DELTA_H 1
| #define HAVE_LIBSVN_DELTA_1 1
| #define HAVE_LIBCURL 1
| /* end confdefs.h.  */
| 
| int
| main ()
| {
| 
|       #if !(defined(__FUJITSU))
|         thisisanerror;
|       #endif
| 
|   ;
|   return 0;
| }
configure:19478: g++ -c -g -O2 -I/usr/include/subversion-1 -I/usr/include/apr-1 -I/usr/include/apr-1.0  conftest.cpp >&5
configure:19478: $? = 0
configure:19486: result: gnu
configure:19491: checking for C++ compiler version
configure:19713: g++ -o conftest -g -O2 -I/usr/include/subversion-1 -I/usr/include/apr-1 -I/usr/include/apr-1.0   conftest.cpp -lcurl -lsvn_delta-1 -lsvn_subr-1 -lapr-1  -lrt >&5
configure:19713: $? = 0
configure:19713: ./conftest
configure:19713: $? = 0
configure:19722: g++ -o conftest -g -O2 -I/usr/include/subversion-1 -I/usr/include/apr-1 -I/usr/include/apr-1.0   conftest.cpp -lcurl -lsvn_delta-1 -lsvn_subr-1 -lapr-1  -lrt >&5
configure:19722: $? = 0
configure:19722: ./conftest
configure:19722: $? = 0
configure:19731: g++ -o conftest -g -O2 -I/usr/include/subversion-1 -I/usr/include/apr-1 -I/usr/include/apr-1.0   conftest.cpp -lcurl -lsvn_delta-1 -lsvn_subr-1 -lapr-1  -lrt >&5
configure:19731: $? = 0
configure:19731: ./conftest
configure:19731: $? = 0
configure:20396: result: 4.8.4
configure:20399: checking for C++ compiler vendor
configure:20454: result: gnu
configure:20982: Setting up CXXFLAGS for g++ version >= 4.8
configure:21011: checking whether g++ supports C++11 features by default
configure:21079: g++ -c -g1 -O0 -Wno-unused-local-typedefs -I/usr/include/subversion-1 -I/usr/include/apr-1 -I/usr/include/apr-1.0  conftest.cpp >&5
In file included from /usr/include/c++/4.8/mutex:35:0,
                 from conftest.cpp:32:
/usr/include/c++/4.8/bits/c++0x_warning.h:32:2: error: #error This file requires compiler and library support for the ISO C++ 2011 standard. This support is currently experimental, and must be enabled with the -std=c++11 or -std=gnu++11 compiler options.
 #error This file requires compiler and library support for the \
  ^
conftest.cpp:37:21: error: expected identifier before 'sizeof'
       static_assert(sizeof(int) <= sizeof(T), "not big enough");
                     ^
conftest.cpp:37:21: error: expected ',' or '...' before 'sizeof'
conftest.cpp:37:63: error: ISO C++ forbids declaration of 'static_assert' with no type [-fpermissive]
       static_assert(sizeof(int) <= sizeof(T), "not big enough");
                                                               ^
conftest.cpp:40:27: error: '>>' should be '> >' within a nested template argument list
   typedef check<check<bool>> right_angle_brackets;
                           ^
conftest.cpp:43:11: error: expected constructor, destructor, or type conversion before '(' token
   decltype(a) b;
           ^
conftest.cpp:47:13: error: expected unqualified-id before '&&' token
   check_type&& cr = static_cast<check_type&&>(c);
             ^
conftest.cpp:49:8: error: 'd' does not name a type
   auto d = a;
        ^
conftest.cpp:51:11: error: 'unique_ptr' is not a member of 'std'
   int foo(std::unique_ptr<int> i)
           ^
conftest.cpp:51:27: error: expected primary-expression before 'int'
   int foo(std::unique_ptr<int> i)
                           ^
conftest.cpp:52:3: error: expected ',' or ';' before '{' token
   {
   ^
conftest.cpp:56:3: error: 'unique_ptr' in namespace 'std' does not name a type
   std::unique_ptr<int> i(new int());
   ^
conftest.cpp:57:15: error: 'move' is not a member of 'std'
   int j = foo(std::move(i));
               ^
conftest.cpp:57:25: error: 'i' was not declared in this scope
   int j = foo(std::move(i));
                         ^
conftest.cpp:57:27: error: 'foo' cannot be used as a function
   int j = foo(std::move(i));
                           ^
conftest.cpp:59:3: error: 'shared_ptr' in namespace 'std' does not name a type
   std::shared_ptr<int> k = std::make_shared<int>(2);
   ^
conftest.cpp: In function 'void mutexTest()':
conftest.cpp:63:5: error: 'mutex' is not a member of 'std'
     std::mutex mutex;
     ^
conftest.cpp:63:16: error: expected ';' before 'mutex'
     std::mutex mutex;
                ^
conftest.cpp:66:7: error: 'lock_guard' is not a member of 'std'
       std::lock_guard<std::mutex> lockGuard(mutex);
       ^
conftest.cpp:66:23: error: 'mutex' is not a member of 'std'
       std::lock_guard<std::mutex> lockGuard(mutex);
                       ^
conftest.cpp:66:45: error: 'mutex' was not declared in this scope
       std::lock_guard<std::mutex> lockGuard(mutex);
                                             ^
conftest.cpp:66:50: error: 'lockGuard' was not declared in this scope
       std::lock_guard<std::mutex> lockGuard(mutex);
                                                  ^
conftest.cpp:72:7: error: 'unique_lock' is not a member of 'std'
       std::unique_lock<std::mutex> uniqueLock(mutex);
       ^
conftest.cpp:72:24: error: 'mutex' is not a member of 'std'
       std::unique_lock<std::mutex> uniqueLock(mutex);
                        ^
conftest.cpp:72:47: error: 'mutex' was not declared in this scope
       std::unique_lock<std::mutex> uniqueLock(mutex);
                                               ^
conftest.cpp:72:52: error: 'uniqueLock' was not declared in this scope
       std::unique_lock<std::mutex> uniqueLock(mutex);
                                                    ^
conftest.cpp: At global scope:
conftest.cpp:78:60: error: expected template-name before '<' token
   struct SharedStruct : public std::enable_shared_from_this<SharedStruct>
                                                            ^
conftest.cpp:78:60: error: expected '{' before '<' token
conftest.cpp:78:60: error: expected unqualified-id before '<' token
configure:21079: $? = 1
configure: failed program was:
| /* confdefs.h */
| #define PACKAGE_NAME "libprocess"
| #define PACKAGE_TARNAME "libprocess"
| #define PACKAGE_VERSION "0.0.1"
| #define PACKAGE_STRING "libprocess 0.0.1"
| #define PACKAGE_BUGREPORT ""
| #define PACKAGE_URL ""
| #define PACKAGE "libprocess"
| #define VERSION "0.0.1"
| #define STDC_HEADERS 1
| #define HAVE_SYS_TYPES_H 1
| #define HAVE_SYS_STAT_H 1
| #define HAVE_STDLIB_H 1
| #define HAVE_STRING_H 1
| #define HAVE_MEMORY_H 1
| #define HAVE_STRINGS_H 1
| #define HAVE_INTTYPES_H 1
| #define HAVE_STDINT_H 1
| #define HAVE_UNISTD_H 1
| #define HAVE_DLFCN_H 1
| #define LT_OBJDIR ".libs/"
| #define HAVE_APR_POOLS_H 1
| #define HAVE_LIBAPR_1 1
| #define HAVE_SVN_VERSION_H 1
| #define HAVE_LIBSVN_SUBR_1 1
| #define HAVE_SVN_DELTA_H 1
| #define HAVE_LIBSVN_DELTA_1 1
| #define HAVE_LIBCURL 1
| /* end confdefs.h.  */
| 
|   #include <memory>
|   #include <mutex>
| 
|   template <typename T>
|     struct check
|     {
|       static_assert(sizeof(int) <= sizeof(T), "not big enough");
|     };
| 
|   typedef check<check<bool>> right_angle_brackets;
| 
|   int a;
|   decltype(a) b;
| 
|   typedef check<int> check_type;
|   check_type c;
|   check_type&& cr = static_cast<check_type&&>(c);
| 
|   auto d = a;
| 
|   int foo(std::unique_ptr<int> i)
|   {
|     return *i + 42;
|   }
| 
|   std::unique_ptr<int> i(new int());
|   int j = foo(std::move(i));
| 
|   std::shared_ptr<int> k = std::make_shared<int>(2);
| 
|   void mutexTest()
|   {
|     std::mutex mutex;
|     {
|       // Scope of lockGuard.
|       std::lock_guard<std::mutex> lockGuard(mutex);
|       // End scope of lockGuard.
|     }
| 
|     {
|       // Scope of uniqueLock.
|       std::unique_lock<std::mutex> uniqueLock(mutex);
|       // End scope of uniqueLock.
|     }
|   }
| 
|   // Check for std::enable_shared_from_this.
|   struct SharedStruct : public std::enable_shared_from_this<SharedStruct>
|   {
|     std::shared_ptr<SharedStruct> get()
|     {
|       return shared_from_this();
|     }
|   };
| 
|   // Construct a new shared_ptr using shared_from_this().
|   std::shared_ptr<SharedStruct> object =
|     std::shared_ptr<SharedStruct>(new SharedStruct())->get();
| 
configure:21086: result: no
configure:21098: checking whether g++ supports C++11 features with -std=c++11
configure:21168: g++ -c -g1 -O0 -Wno-unused-local-typedefs -std=c++11 -I/usr/include/subversion-1 -I/usr/include/apr-1 -I/usr/include/apr-1.0  conftest.cpp >&5
configure:21168: $? = 0
configure:21177: result: yes
configure:21236: g++ -c -g1 -O0 -Wno-unused-local-typedefs -std=c++11 -I/usr/include/subversion-1 -I/usr/include/apr-1 -I/usr/include/apr-1.0  conftest.cpp >&5
configure:21236: $? = 0
configure:21395: checking if compiler needs -Werror to reject unknown flags
configure:21411: gcc -c -g1 -O0 -Wno-unused-local-typedefs -Werror -Wunknown-warning-option -Wsizeof-array-argument -I/usr/include/subversion-1 -I/usr/include/apr-1 -I/usr/include/apr-1.0  conftest.c >&5
gcc: error: unrecognized command line option '-Wunknown-warning-option'
gcc: error: unrecognized command line option '-Wsizeof-array-argument'
configure:21411: $? = 1
configure: failed program was:
| /* confdefs.h */
| #define PACKAGE_NAME "libprocess"
| #define PACKAGE_TARNAME "libprocess"
| #define PACKAGE_VERSION "0.0.1"
| #define PACKAGE_STRING "libprocess 0.0.1"
| #define PACKAGE_BUGREPORT ""
| #define PACKAGE_URL ""
| #define PACKAGE "libprocess"
| #define VERSION "0.0.1"
| #define STDC_HEADERS 1
| #define HAVE_SYS_TYPES_H 1
| #define HAVE_SYS_STAT_H 1
| #define HAVE_STDLIB_H 1
| #define HAVE_STRING_H 1
| #define HAVE_MEMORY_H 1
| #define HAVE_STRINGS_H 1
| #define HAVE_INTTYPES_H 1
| #define HAVE_STDINT_H 1
| #define HAVE_UNISTD_H 1
| #define HAVE_DLFCN_H 1
| #define LT_OBJDIR ".libs/"
| #define HAVE_APR_POOLS_H 1
| #define HAVE_LIBAPR_1 1
| #define HAVE_SVN_VERSION_H 1
| #define HAVE_LIBSVN_SUBR_1 1
| #define HAVE_SVN_DELTA_H 1
| #define HAVE_LIBSVN_DELTA_1 1
| #define HAVE_LIBCURL 1
| /* end confdefs.h.  */
| int foo(void);
| int
| main ()
| {
| foo()
|   ;
|   return 0;
| }
configure:21416: result: no
configure:21482: checking for the pthreads library -lpthreads
configure:21520: gcc -o conftest -g1 -O0 -Wno-unused-local-typedefs   -I/usr/include/subversion-1 -I/usr/include/apr-1 -I/usr/include/apr-1.0   conftest.c -lpthreads -lcurl -lsvn_delta-1 -lsvn_subr-1 -lapr-1  -lrt >&5
/usr/bin/ld: cannot find -lpthreads
collect2: error: ld returned 1 exit status
configure:21520: $? = 1
configure: failed program was:
| /* confdefs.h */
| #define PACKAGE_NAME "libprocess"
| #define PACKAGE_TARNAME "libprocess"
| #define PACKAGE_VERSION "0.0.1"
| #define PACKAGE_STRING "libprocess 0.0.1"
| #define PACKAGE_BUGREPORT ""
| #define PACKAGE_URL ""
| #define PACKAGE "libprocess"
| #define VERSION "0.0.1"
| #define STDC_HEADERS 1
| #define HAVE_SYS_TYPES_H 1
| #define HAVE_SYS_STAT_H 1
| #define HAVE_STDLIB_H 1
| #define HAVE_STRING_H 1
| #define HAVE_MEMORY_H 1
| #define HAVE_STRINGS_H 1
| #define HAVE_INTTYPES_H 1
| #define HAVE_STDINT_H 1
| #define HAVE_UNISTD_H 1
| #define HAVE_DLFCN_H 1
| #define LT_OBJDIR ".libs/"
| #define HAVE_APR_POOLS_H 1
| #define HAVE_LIBAPR_1 1
| #define HAVE_SVN_VERSION_H 1
| #define HAVE_LIBSVN_SUBR_1 1
| #define HAVE_SVN_DELTA_H 1
| #define HAVE_LIBSVN_DELTA_1 1
| #define HAVE_LIBCURL 1
| /* end confdefs.h.  */
| #include <pthread.h>
|                         static void routine(void *a) { a = 0; }
|                         static void *start_routine(void *a) { return a; }
| int
| main ()
| {
| pthread_t th; pthread_attr_t attr;
|                         pthread_create(&th, 0, start_routine, 0);
|                         pthread_join(th, 0);
|                         pthread_attr_init(&attr);
|                         pthread_cleanup_push(routine, 0);
|                         pthread_cleanup_pop(0) /* ; */
|   ;
|   return 0;
| }
configure:21529: result: no
configure:21427: checking whether pthreads work without any flags
configure:21520: gcc -o conftest -g1 -O0 -Wno-unused-local-typedefs   -I/usr/include/subversion-1 -I/usr/include/apr-1 -I/usr/include/apr-1.0   conftest.c  -lcurl -lsvn_delta-1 -lsvn_subr-1 -lapr-1  -lrt >&5
/tmp/ccaiWTxS.o: In function `main':
conftest.c:(.text+0x55): undefined reference to `pthread_create'
conftest.c:(.text+0x69): undefined reference to `pthread_join'
conftest.c:(.text+0xe3): undefined reference to `__pthread_register_cancel'
conftest.c:(.text+0xf2): undefined reference to `__pthread_unregister_cancel'
collect2: error: ld returned 1 exit status
configure:21520: $? = 1
configure: failed program was:
| /* confdefs.h */
| #define PACKAGE_NAME "libprocess"
| #define PACKAGE_TARNAME "libprocess"
| #define PACKAGE_VERSION "0.0.1"
| #define PACKAGE_STRING "libprocess 0.0.1"
| #define PACKAGE_BUGREPORT ""
| #define PACKAGE_URL ""
| #define PACKAGE "libprocess"
| #define VERSION "0.0.1"
| #define STDC_HEADERS 1
| #define HAVE_SYS_TYPES_H 1
| #define HAVE_SYS_STAT_H 1
| #define HAVE_STDLIB_H 1
| #define HAVE_STRING_H 1
| #define HAVE_MEMORY_H 1
| #define HAVE_STRINGS_H 1
| #define HAVE_INTTYPES_H 1
| #define HAVE_STDINT_H 1
| #define HAVE_UNISTD_H 1
| #define HAVE_DLFCN_H 1
| #define LT_OBJDIR ".libs/"
| #define HAVE_APR_POOLS_H 1
| #define HAVE_LIBAPR_1 1
| #define HAVE_SVN_VERSION_H 1
| #define HAVE_LIBSVN_SUBR_1 1
| #define HAVE_SVN_DELTA_H 1
| #define HAVE_LIBSVN_DELTA_1 1
| #define HAVE_LIBCURL 1
| /* end confdefs.h.  */
| #include <pthread.h>
|                         static void routine(void *a) { a = 0; }
|                         static void *start_routine(void *a) { return a; }
| int
| main ()
| {
| pthread_t th; pthread_attr_t attr;
|                         pthread_create(&th, 0, start_routine, 0);
|                         pthread_join(th, 0);
|                         pthread_attr_init(&attr);
|                         pthread_cleanup_push(routine, 0);
|                         pthread_cleanup_pop(0) /* ; */
|   ;
|   return 0;
| }
configure:21529: result: no
configure:21432: checking whether pthreads work with -Kthread
configure:21520: gcc -o conftest -g1 -O0 -Wno-unused-local-typedefs -Kthread  -I/usr/include/subversion-1 -I/usr/include/apr-1 -I/usr/include/apr-1.0   conftest.c  -lcurl -lsvn_delta-1 -lsvn_subr-1 -lapr-1  -lrt >&5
gcc: error: unrecognized command line option '-Kthread'
configure:21520: $? = 1
configure: failed program was:
| /* confdefs.h */
| #define PACKAGE_NAME "libprocess"
| #define PACKAGE_TARNAME "libprocess"
| #define PACKAGE_VERSION "0.0.1"
| #define PACKAGE_STRING "libprocess 0.0.1"
| #define PACKAGE_BUGREPORT ""
| #define PACKAGE_URL ""
| #define PACKAGE "libprocess"
| #define VERSION "0.0.1"
| #define STDC_HEADERS 1
| #define HAVE_SYS_TYPES_H 1
| #define HAVE_SYS_STAT_H 1
| #define HAVE_STDLIB_H 1
| #define HAVE_STRING_H 1
| #define HAVE_MEMORY_H 1
| #define HAVE_STRINGS_H 1
| #define HAVE_INTTYPES_H 1
| #define HAVE_STDINT_H 1
| #define HAVE_UNISTD_H 1
| #define HAVE_DLFCN_H 1
| #define LT_OBJDIR ".libs/"
| #define HAVE_APR_POOLS_H 1
| #define HAVE_LIBAPR_1 1
| #define HAVE_SVN_VERSION_H 1
| #define HAVE_LIBSVN_SUBR_1 1
| #define HAVE_SVN_DELTA_H 1
| #define HAVE_LIBSVN_DELTA_1 1
| #define HAVE_LIBCURL 1
| /* end confdefs.h.  */
| #include <pthread.h>
|                         static void routine(void *a) { a = 0; }
|                         static void *start_routine(void *a) { return a; }
| int
| main ()
| {
| pthread_t th; pthread_attr_t attr;
|                         pthread_create(&th, 0, start_routine, 0);
|                         pthread_join(th, 0);
|                         pthread_attr_init(&attr);
|                         pthread_cleanup_push(routine, 0);
|                         pthread_cleanup_pop(0) /* ; */
|   ;
|   return 0;
| }
configure:21529: result: no
configure:21432: checking whether pthreads work with -kthread
configure:21520: gcc -o conftest -g1 -O0 -Wno-unused-local-typedefs -kthread  -I/usr/include/subversion-1 -I/usr/include/apr-1 -I/usr/include/apr-1.0   conftest.c  -lcurl -lsvn_delta-1 -lsvn_subr-1 -lapr-1  -lrt >&5
gcc: error: unrecognized command line option '-kthread'
configure:21520: $? = 1
configure: failed program was:
| /* confdefs.h */
| #define PACKAGE_NAME "libprocess"
| #define PACKAGE_TARNAME "libprocess"
| #define PACKAGE_VERSION "0.0.1"
| #define PACKAGE_STRING "libprocess 0.0.1"
| #define PACKAGE_BUGREPORT ""
| #define PACKAGE_URL ""
| #define PACKAGE "libprocess"
| #define VERSION "0.0.1"
| #define STDC_HEADERS 1
| #define HAVE_SYS_TYPES_H 1
| #define HAVE_SYS_STAT_H 1
| #define HAVE_STDLIB_H 1
| #define HAVE_STRING_H 1
| #define HAVE_MEMORY_H 1
| #define HAVE_STRINGS_H 1
| #define HAVE_INTTYPES_H 1
| #define HAVE_STDINT_H 1
| #define HAVE_UNISTD_H 1
| #define HAVE_DLFCN_H 1
| #define LT_OBJDIR ".libs/"
| #define HAVE_APR_POOLS_H 1
| #define HAVE_LIBAPR_1 1
| #define HAVE_SVN_VERSION_H 1
| #define HAVE_LIBSVN_SUBR_1 1
| #define HAVE_SVN_DELTA_H 1
| #define HAVE_LIBSVN_DELTA_1 1
| #define HAVE_LIBCURL 1
| /* end confdefs.h.  */
| #include <pthread.h>
|                         static void routine(void *a) { a = 0; }
|                         static void *start_routine(void *a) { return a; }
| int
| main ()
| {
| pthread_t th; pthread_attr_t attr;
|                         pthread_create(&th, 0, start_routine, 0);
|                         pthread_join(th, 0);
|                         pthread_attr_init(&attr);
|                         pthread_cleanup_push(routine, 0);
|                         pthread_cleanup_pop(0) /* ; */
|   ;
|   return 0;
| }
configure:21529: result: no
configure:21482: checking for the pthreads library -llthread
configure:21520: gcc -o conftest -g1 -O0 -Wno-unused-local-typedefs   -I/usr/include/subversion-1 -I/usr/include/apr-1 -I/usr/include/apr-1.0   conftest.c -llthread -lcurl -lsvn_delta-1 -lsvn_subr-1 -lapr-1  -lrt >&5
/usr/bin/ld: cannot find -llthread
collect2: error: ld returned 1 exit status
configure:21520: $? = 1
configure: failed program was:
| /* confdefs.h */
| #define PACKAGE_NAME "libprocess"
| #define PACKAGE_TARNAME "libprocess"
| #define PACKAGE_VERSION "0.0.1"
| #define PACKAGE_STRING "libprocess 0.0.1"
| #define PACKAGE_BUGREPORT ""
| #define PACKAGE_URL ""
| #define PACKAGE "libprocess"
| #define VERSION "0.0.1"
| #define STDC_HEADERS 1
| #define HAVE_SYS_TYPES_H 1
| #define HAVE_SYS_STAT_H 1
| #define HAVE_STDLIB_H 1
| #define HAVE_STRING_H 1
| #define HAVE_MEMORY_H 1
| #define HAVE_STRINGS_H 1
| #define HAVE_INTTYPES_H 1
| #define HAVE_STDINT_H 1
| #define HAVE_UNISTD_H 1
| #define HAVE_DLFCN_H 1
| #define LT_OBJDIR ".libs/"
| #define HAVE_APR_POOLS_H 1
| #define HAVE_LIBAPR_1 1
| #define HAVE_SVN_VERSION_H 1
| #define HAVE_LIBSVN_SUBR_1 1
| #define HAVE_SVN_DELTA_H 1
| #define HAVE_LIBSVN_DELTA_1 1
| #define HAVE_LIBCURL 1
| /* end confdefs.h.  */
| #include <pthread.h>
|                         static void routine(void *a) { a = 0; }
|                         static void *start_routine(void *a) { return a; }
| int
| main ()
| {
| pthread_t th; pthread_attr_t attr;
|                         pthread_create(&th, 0, start_routine, 0);
|                         pthread_join(th, 0);
|                         pthread_attr_init(&attr);
|                         pthread_cleanup_push(routine, 0);
|                         pthread_cleanup_pop(0) /* ; */
|   ;
|   return 0;
| }
configure:21529: result: no
configure:21432: checking whether pthreads work with -pthread
configure:21520: gcc -o conftest -g1 -O0 -Wno-unused-local-typedefs -pthread  -I/usr/include/subversion-1 -I/usr/include/apr-1 -I/usr/include/apr-1.0   conftest.c  -lcurl -lsvn_delta-1 -lsvn_subr-1 -lapr-1  -lrt >&5
configure:21520: $? = 0
configure:21529: result: yes
configure:21548: checking for joinable pthread attribute
configure:21563: gcc -o conftest -g1 -O0 -Wno-unused-local-typedefs -pthread -I/usr/include/subversion-1 -I/usr/include/apr-1 -I/usr/include/apr-1.0   conftest.c  -lcurl -lsvn_delta-1 -lsvn_subr-1 -lapr-1  -lrt >&5
configure:21563: $? = 0
configure:21569: result: PTHREAD_CREATE_JOINABLE
configure:21579: checking if more special flags are required for pthreads
configure:21594: result: no
configure:21600: checking for PTHREAD_PRIO_INHERIT
configure:21617: gcc -o conftest -g1 -O0 -Wno-unused-local-typedefs -pthread -I/usr/include/subversion-1 -I/usr/include/apr-1 -I/usr/include/apr-1.0   conftest.c  -lcurl -lsvn_delta-1 -lsvn_subr-1 -lapr-1  -lrt >&5
configure:21617: $? = 0
configure:21626: result: yes
configure:21739: checking for deflate, gzread, gzwrite, inflate in -lz
configure:21764: g++ -o conftest -g1 -O0 -Wno-unused-local-typedefs -std=c++11 -I/usr/include/subversion-1 -I/usr/include/apr-1 -I/usr/include/apr-1.0   conftest.cpp -lz  -lcurl -lsvn_delta-1 -lsvn_subr-1 -lapr-1  -lrt >&5
configure:21764: $? = 0
configure:21773: result: yes
configure:21795: checking for dlopen in -ldl
configure:21820: g++ -o conftest -g1 -O0 -Wno-unused-local-typedefs -std=c++11 -I/usr/include/subversion-1 -I/usr/include/apr-1 -I/usr/include/apr-1.0   conftest.cpp -ldl  -lz -lcurl -lsvn_delta-1 -lsvn_subr-1 -lapr-1  -lrt >&5
configure:21820: $? = 0
configure:21829: result: yes
configure:21993: checking that generated files are newer than configure
configure:21999: result: done
configure:22094: creating ./config.status

## ---------------- ##
## Cache variables. ##
## ---------------- ##

ac_cv_build=x86_64-unknown-linux-gnu
ac_cv_c_compiler_gnu=yes
ac_cv_cxx_compiler_gnu=yes
ac_cv_env_CCC_set=
ac_cv_env_CCC_value=
ac_cv_env_CC_set=
ac_cv_env_CC_value=
ac_cv_env_CFLAGS_set=
ac_cv_env_CFLAGS_value=
ac_cv_env_CPPFLAGS_set=
ac_cv_env_CPPFLAGS_value=
ac_cv_env_CPP_set=
ac_cv_env_CPP_value=
ac_cv_env_CXXCPP_set=
ac_cv_env_CXXCPP_value=
ac_cv_env_CXXFLAGS_set=
ac_cv_env_CXXFLAGS_value=
ac_cv_env_CXX_set=
ac_cv_env_CXX_value=
ac_cv_env_LDFLAGS_set=
ac_cv_env_LDFLAGS_value=
ac_cv_env_LIBS_set=
ac_cv_env_LIBS_value=
ac_cv_env_build_alias_set=
ac_cv_env_build_alias_value=
ac_cv_env_host_alias_set=
ac_cv_env_host_alias_value=
ac_cv_env_target_alias_set=
ac_cv_env_target_alias_value=
ac_cv_header_apr_pools_h=yes
ac_cv_header_dlfcn_h=yes
ac_cv_header_inttypes_h=yes
ac_cv_header_memory_h=yes
ac_cv_header_stdc=yes
ac_cv_header_stdint_h=yes
ac_cv_header_stdlib_h=yes
ac_cv_header_string_h=yes
ac_cv_header_strings_h=yes
ac_cv_header_svn_delta_h=yes
ac_cv_header_svn_version_h=yes
ac_cv_header_sys_stat_h=yes
ac_cv_header_sys_types_h=yes
ac_cv_header_unistd_h=yes
ac_cv_host=x86_64-unknown-linux-gnu
ac_cv_lib_apr_1_apr_initialize=yes
ac_cv_lib_curl_curl_global_init=yes
ac_cv_lib_dl_dlopen=yes
ac_cv_lib_svn_delta_1_svn_txdelta=yes
ac_cv_lib_svn_subr_1_svn_stringbuf_create_ensure=yes
ac_cv_lib_z_deflate__gzread__gzwrite__inflate=yes
ac_cv_objext=o
ac_cv_path_EGREP='/bin/grep -E'
ac_cv_path_FGREP='/bin/grep -F'
ac_cv_path_GREP=/bin/grep
ac_cv_path_SED=/bin/sed
ac_cv_path_install='/usr/bin/install -c'
ac_cv_path_mkdir=/bin/mkdir
ac_cv_prog_AWK=gawk
ac_cv_prog_CPP='gcc -E'
ac_cv_prog_CXXCPP='g++ -E'
ac_cv_prog_ac_ct_AR=ar
ac_cv_prog_ac_ct_CC=gcc
ac_cv_prog_ac_ct_CXX=g++
ac_cv_prog_ac_ct_MANIFEST_TOOL=mt
ac_cv_prog_ac_ct_OBJDUMP=objdump
ac_cv_prog_ac_ct_RANLIB=ranlib
ac_cv_prog_ac_ct_STRIP=strip
ac_cv_prog_cc_c89=
ac_cv_prog_cc_g=yes
ac_cv_prog_cxx_g=yes
ac_cv_prog_make_make_set=yes
ac_cv_target=x86_64-unknown-linux-gnu
am_cv_CC_dependencies_compiler_type=gcc3
am_cv_CXX_dependencies_compiler_type=gcc3
am_cv_ar_interface=ar
am_cv_make_support_nested_variables=yes
am_cv_prog_cc_c_o=yes
ax_cv_PTHREAD_PRIO_INHERIT=yes
ax_cv_cxx_compile_cxx11=no
ax_cv_cxx_compile_cxx11__std_cpp11=yes
ax_cv_cxx_compiler_vendor=gnu
ax_cv_cxx_compiler_version=4.8.4
lt_cv_ar_at_file=@
lt_cv_deplibs_check_method=pass_all
lt_cv_file_magic_cmd='$MAGIC_CMD'
lt_cv_file_magic_test_file=
lt_cv_ld_reload_flag=-r
lt_cv_nm_interface='BSD nm'
lt_cv_objdir=.libs
lt_cv_path_LD=/usr/bin/ld
lt_cv_path_LDCXX='/usr/bin/ld -m elf_x86_64'
lt_cv_path_NM='/usr/bin/nm -B'
lt_cv_path_mainfest_tool=no
lt_cv_prog_compiler_c_o=yes
lt_cv_prog_compiler_c_o_CXX=yes
lt_cv_prog_compiler_pic='-fPIC -DPIC'
lt_cv_prog_compiler_pic_CXX='-fPIC -DPIC'
lt_cv_prog_compiler_pic_works=yes
lt_cv_prog_compiler_pic_works_CXX=yes
lt_cv_prog_compiler_rtti_exceptions=no
lt_cv_prog_compiler_static_works=yes
lt_cv_prog_compiler_static_works_CXX=yes
lt_cv_prog_gnu_ld=yes
lt_cv_prog_gnu_ldcxx=yes
lt_cv_sharedlib_from_linklib_cmd='printf %s\n'
lt_cv_shlibpath_overrides_runpath=no
lt_cv_sys_global_symbol_pipe='sed -n -e '\''s/^.*[	 ]\([ABCDGIRSTW][ABCDGIRSTW]*\)[	 ][	 ]*\([_A-Za-z][_A-Za-z0-9]*\)$/\1 \2 \2/p'\'' | sed '\''/ __gnu_lto/d'\'''
lt_cv_sys_global_symbol_to_c_name_address='sed -n -e '\''s/^: \([^ ]*\)[ ]*$/  {\"\1\", (void *) 0},/p'\'' -e '\''s/^[ABCDGIRSTW]* \([^ ]*\) \([^ ]*\)$/  {"\2", (void *) \&\2},/p'\'''
lt_cv_sys_global_symbol_to_c_name_address_lib_prefix='sed -n -e '\''s/^: \([^ ]*\)[ ]*$/  {\"\1\", (void *) 0},/p'\'' -e '\''s/^[ABCDGIRSTW]* \([^ ]*\) \(lib[^ ]*\)$/  {"\2", (void *) \&\2},/p'\'' -e '\''s/^[ABCDGIRSTW]* \([^ ]*\) \([^ ]*\)$/  {"lib\2", (void *) \&\2},/p'\'''
lt_cv_sys_global_symbol_to_cdecl='sed -n -e '\''s/^T .* \(.*\)$/extern int \1();/p'\'' -e '\''s/^[ABCDGIRSTW]* .* \(.*\)$/extern char \1;/p'\'''
lt_cv_sys_max_cmd_len=3458764513820540925
lt_cv_to_host_file_cmd=func_convert_file_noop
lt_cv_to_tool_file_cmd=func_convert_file_noop

## ----------------- ##
## Output variables. ##
## ----------------- ##

ACLOCAL='${SHELL} /home/vagrant/mesos/3rdparty/libprocess/missing aclocal-1.14'
AMDEPBACKSLASH='\'
AMDEP_FALSE='#'
AMDEP_TRUE=''
AMTAR='$${TAR-tar}'
AM_BACKSLASH='\'
AM_DEFAULT_V='$(AM_DEFAULT_VERBOSITY)'
AM_DEFAULT_VERBOSITY='1'
AM_V='$(V)'
AR='ar'
AUTOCONF='${SHELL} /home/vagrant/mesos/3rdparty/libprocess/missing autoconf'
AUTOHEADER='${SHELL} /home/vagrant/mesos/3rdparty/libprocess/missing autoheader'
AUTOMAKE='${SHELL} /home/vagrant/mesos/3rdparty/libprocess/missing automake-1.14'
AWK='gawk'
CC='gcc'
CCDEPMODE='depmode=gcc3'
CFLAGS='-g1 -O0 -Wno-unused-local-typedefs'
CONFIGURE_ARGS=' '\''--disable-option-checking'\'' '\''--prefix=/usr/local'\'' '\''--enable-shared=no'\'' '\''--with-pic'\'' '\''--cache-file=/dev/null'\'' '\''--srcdir=../../../3rdparty/libprocess'\'' CXXFLAGS='\''-g1 -O0 -Wno-unused-local-typedefs -std=c++11'\'''
CPP='gcc -E'
CPPFLAGS='-I/usr/include/subversion-1 -I/usr/include/apr-1 -I/usr/include/apr-1.0 '
CXX='g++'
CXXCPP='g++ -E'
CXXDEPMODE='depmode=gcc3'
CXXFLAGS='-g1 -O0 -Wno-unused-local-typedefs -std=c++11'
CYGPATH_W='echo'
DEBUG_FALSE=''
DEBUG_TRUE='#'
DEFS='-DPACKAGE_NAME=\"libprocess\" -DPACKAGE_TARNAME=\"libprocess\" -DPACKAGE_VERSION=\"0.0.1\" -DPACKAGE_STRING=\"libprocess\ 0.0.1\" -DPACKAGE_BUGREPORT=\"\" -DPACKAGE_URL=\"\" -DPACKAGE=\"libprocess\" -DVERSION=\"0.0.1\" -DSTDC_HEADERS=1 -DHAVE_SYS_TYPES_H=1 -DHAVE_SYS_STAT_H=1 -DHAVE_STDLIB_H=1 -DHAVE_STRING_H=1 -DHAVE_MEMORY_H=1 -DHAVE_STRINGS_H=1 -DHAVE_INTTYPES_H=1 -DHAVE_STDINT_H=1 -DHAVE_UNISTD_H=1 -DHAVE_DLFCN_H=1 -DLT_OBJDIR=\".libs/\" -DHAVE_APR_POOLS_H=1 -DHAVE_LIBAPR_1=1 -DHAVE_SVN_VERSION_H=1 -DHAVE_LIBSVN_SUBR_1=1 -DHAVE_SVN_DELTA_H=1 -DHAVE_LIBSVN_DELTA_1=1 -DHAVE_LIBCURL=1 -DHAVE_PTHREAD_PRIO_INHERIT=1 -DHAVE_PTHREAD=1 -DHAVE_LIBZ=1 -DHAVE_LIBDL=1'
DEPDIR='.deps'
DLLTOOL='false'
DSYMUTIL=''
DUMPBIN=''
ECHO_C=''
ECHO_N='-n'
ECHO_T=''
EGREP='/bin/grep -E'
ENABLE_LIBEVENT_FALSE=''
ENABLE_LIBEVENT_TRUE='#'
ENABLE_SSL_FALSE=''
ENABLE_SSL_TRUE='#'
EXEEXT=''
FGREP='/bin/grep -F'
GMOCKSRC='gmock-all.cc'
GREP='/bin/grep'
GTESTSRC='gtest-all.cc'
HAS_GPERFTOOLS_FALSE=''
HAS_GPERFTOOLS_TRUE='#'
HAVE_CXX11=''
INSTALL_DATA='${INSTALL} -m 644'
INSTALL_PROGRAM='${INSTALL}'
INSTALL_SCRIPT='${INSTALL}'
INSTALL_STRIP_PROGRAM='$(install_sh) -c -s'
LD='/usr/bin/ld -m elf_x86_64'
LDFLAGS=''
LIBOBJS=''
LIBS='-ldl -lz -lcurl -lsvn_delta-1 -lsvn_subr-1 -lapr-1  -lrt'
LIBTOOL='$(SHELL) $(top_builddir)/libtool'
LINKGTEST_FALSE=''
LINKGTEST_TRUE='#'
LIPO=''
LN_S='ln -s'
LTLIBOBJS=''
MAINT=''
MAINTAINER_MODE_FALSE='#'
MAINTAINER_MODE_TRUE=''
MAKEINFO='${SHELL} /home/vagrant/mesos/3rdparty/libprocess/missing makeinfo'
MANIFEST_TOOL=':'
MKDIR_P='/bin/mkdir -p'
NM='/usr/bin/nm -B'
NMEDIT=''
OBJDUMP='objdump'
OBJEXT='o'
OPTIMIZE_FALSE=''
OPTIMIZE_TRUE='#'
OS_LINUX_FALSE='#'
OS_LINUX_TRUE=''
OTOOL64=''
OTOOL=''
PACKAGE='libprocess'
PACKAGE_BUGREPORT=''
PACKAGE_NAME='libprocess'
PACKAGE_STRING='libprocess 0.0.1'
PACKAGE_TARNAME='libprocess'
PACKAGE_URL=''
PACKAGE_VERSION='0.0.1'
PATH_SEPARATOR=':'
PROTOCOMPILER_TEST=''
PTHREAD_CC='gcc'
PTHREAD_CFLAGS='-pthread'
PTHREAD_LIBS=''
RANLIB='ranlib'
SED='/bin/sed'
SET_MAKE=''
SHELL='/bin/bash'
STRIP='strip'
VERSION='0.0.1'
WITH_BUNDLED_BOOST_FALSE='#'
WITH_BUNDLED_BOOST_TRUE=''
WITH_BUNDLED_GLOG_FALSE='#'
WITH_BUNDLED_GLOG_TRUE=''
WITH_BUNDLED_GMOCK_FALSE='#'
WITH_BUNDLED_GMOCK_TRUE=''
WITH_BUNDLED_HTTP_PARSER_FALSE='#'
WITH_BUNDLED_HTTP_PARSER_TRUE=''
WITH_BUNDLED_LIBEV_FALSE='#'
WITH_BUNDLED_LIBEV_TRUE=''
WITH_BUNDLED_PICOJSON_FALSE='#'
WITH_BUNDLED_PICOJSON_TRUE=''
WITH_BUNDLED_PROTOBUF_FALSE='#'
WITH_BUNDLED_PROTOBUF_TRUE=''
ac_ct_AR='ar'
ac_ct_CC='gcc'
ac_ct_CXX='g++'
ac_ct_DUMPBIN=''
am__EXEEXT_FALSE=''
am__EXEEXT_TRUE='#'
am__fastdepCC_FALSE='#'
am__fastdepCC_TRUE=''
am__fastdepCXX_FALSE='#'
am__fastdepCXX_TRUE=''
am__include='include'
am__isrc=' -I$(srcdir)'
am__leading_dot='.'
am__nodep='_no'
am__quote=''
am__tar='$${TAR-tar} chof - "$$tardir"'
am__untar='$${TAR-tar} xf -'
ax_pthread_config=''
bindir='${exec_prefix}/bin'
build='x86_64-unknown-linux-gnu'
build_alias=''
build_cpu='x86_64'
build_os='linux-gnu'
build_vendor='unknown'
datadir='${datarootdir}'
datarootdir='${prefix}/share'
docdir='${datarootdir}/doc/${PACKAGE_TARNAME}'
dvidir='${docdir}'
exec_prefix='${prefix}'
host='x86_64-unknown-linux-gnu'
host_alias=''
host_cpu='x86_64'
host_os='linux-gnu'
host_vendor='unknown'
htmldir='${docdir}'
includedir='${prefix}/include'
infodir='${datarootdir}/info'
install_sh='${SHELL} /home/vagrant/mesos/3rdparty/libprocess/install-sh'
libdir='${exec_prefix}/lib'
libexecdir='${exec_prefix}/libexec'
localedir='${datarootdir}/locale'
localstatedir='${prefix}/var'
mandir='${datarootdir}/man'
mkdir_p='$(MKDIR_P)'
oldincludedir='/usr/include'
pdfdir='${docdir}'
prefix='/usr/local'
program_transform_name='s,x,x,'
psdir='${docdir}'
sbindir='${exec_prefix}/sbin'
sharedstatedir='${prefix}/com'
subdirs=' 3rdparty/stout'
sysconfdir='${prefix}/etc'
target='x86_64-unknown-linux-gnu'
target_alias=''
target_cpu='x86_64'
target_os='linux-gnu'
target_vendor='unknown'

## ----------- ##
## confdefs.h. ##
## ----------- ##

/* confdefs.h */
#define PACKAGE_NAME "libprocess"
#define PACKAGE_TARNAME "libprocess"
#define PACKAGE_VERSION "0.0.1"
#define PACKAGE_STRING "libprocess 0.0.1"
#define PACKAGE_BUGREPORT ""
#define PACKAGE_URL ""
#define PACKAGE "libprocess"
#define VERSION "0.0.1"
#define STDC_HEADERS 1
#define HAVE_SYS_TYPES_H 1
#define HAVE_SYS_STAT_H 1
#define HAVE_STDLIB_H 1
#define HAVE_STRING_H 1
#define HAVE_MEMORY_H 1
#define HAVE_STRINGS_H 1
#define HAVE_INTTYPES_H 1
#define HAVE_STDINT_H 1
#define HAVE_UNISTD_H 1
#define HAVE_DLFCN_H 1
#define LT_OBJDIR ".libs/"
#define HAVE_APR_POOLS_H 1
#define HAVE_LIBAPR_1 1
#define HAVE_SVN_VERSION_H 1
#define HAVE_LIBSVN_SUBR_1 1
#define HAVE_SVN_DELTA_H 1
#define HAVE_LIBSVN_DELTA_1 1
#define HAVE_LIBCURL 1
#define HAVE_PTHREAD_PRIO_INHERIT 1
#define HAVE_PTHREAD 1
#define HAVE_LIBZ 1
#define HAVE_LIBDL 1

configure: exit 0

## ---------------------- ##
## Running config.status. ##
## ---------------------- ##

This file was extended by libprocess config.status 0.0.1, which was
generated by GNU Autoconf 2.69.  Invocation command line was

  CONFIG_FILES    = 
  CONFIG_HEADERS  = 
  CONFIG_LINKS    = 
  CONFIG_COMMANDS = 
  $ ./config.status 

on vagrant-ubuntu-trusty-64

config.status:1117: creating Makefile
config.status:1117: creating include/Makefile
config.status:1117: creating 3rdparty/Makefile
config.status:1117: creating 3rdparty/gmock_sources.cc
config.status:1274: executing depfiles commands
config.status:1274: executing libtool commands
